ARM GAS  C:\Users\thinhnnh\AppData\Local\Temp\ccTQPaDv.s 			page 1


   1              		.cpu cortex-m0plus
   2              		.arch armv6s-m
   3              		.fpu softvfp
   4              		.eabi_attribute 20, 1
   5              		.eabi_attribute 21, 1
   6              		.eabi_attribute 23, 3
   7              		.eabi_attribute 24, 1
   8              		.eabi_attribute 25, 1
   9              		.eabi_attribute 26, 1
  10              		.eabi_attribute 30, 1
  11              		.eabi_attribute 34, 0
  12              		.eabi_attribute 18, 4
  13              		.file	"stm32g0xx_hal_msp.c"
  14              		.text
  15              	.Ltext0:
  16              		.cfi_sections	.debug_frame
  17              		.section	.text.HAL_MspInit,"ax",%progbits
  18              		.align	1
  19              		.global	HAL_MspInit
  20              		.syntax unified
  21              		.code	16
  22              		.thumb_func
  24              	HAL_MspInit:
  25              	.LFB310:
  26              		.file 1 "Src/stm32g0xx_hal_msp.c"
   1:Src/stm32g0xx_hal_msp.c **** /* USER CODE BEGIN Header */
   2:Src/stm32g0xx_hal_msp.c **** /**
   3:Src/stm32g0xx_hal_msp.c ****   ******************************************************************************
   4:Src/stm32g0xx_hal_msp.c ****   * @file         stm32g0xx_hal_msp.c
   5:Src/stm32g0xx_hal_msp.c ****   * @brief        This file provides code for the MSP Initialization
   6:Src/stm32g0xx_hal_msp.c ****   *               and de-Initialization codes.
   7:Src/stm32g0xx_hal_msp.c ****   ******************************************************************************
   8:Src/stm32g0xx_hal_msp.c ****   * @attention
   9:Src/stm32g0xx_hal_msp.c ****   *
  10:Src/stm32g0xx_hal_msp.c ****   * Copyright (c) 2022 STMicroelectronics.
  11:Src/stm32g0xx_hal_msp.c ****   * All rights reserved.
  12:Src/stm32g0xx_hal_msp.c ****   *
  13:Src/stm32g0xx_hal_msp.c ****   * This software is licensed under terms that can be found in the LICENSE file
  14:Src/stm32g0xx_hal_msp.c ****   * in the root directory of this software component.
  15:Src/stm32g0xx_hal_msp.c ****   * If no LICENSE file comes with this software, it is provided AS-IS.
  16:Src/stm32g0xx_hal_msp.c ****   *
  17:Src/stm32g0xx_hal_msp.c ****   ******************************************************************************
  18:Src/stm32g0xx_hal_msp.c ****   */
  19:Src/stm32g0xx_hal_msp.c **** /* USER CODE END Header */
  20:Src/stm32g0xx_hal_msp.c **** 
  21:Src/stm32g0xx_hal_msp.c **** /* Includes ------------------------------------------------------------------*/
  22:Src/stm32g0xx_hal_msp.c **** #include "main.h"
  23:Src/stm32g0xx_hal_msp.c **** /* USER CODE BEGIN Includes */
  24:Src/stm32g0xx_hal_msp.c **** 
  25:Src/stm32g0xx_hal_msp.c **** /* USER CODE END Includes */
  26:Src/stm32g0xx_hal_msp.c **** 
  27:Src/stm32g0xx_hal_msp.c **** /* Private typedef -----------------------------------------------------------*/
  28:Src/stm32g0xx_hal_msp.c **** /* USER CODE BEGIN TD */
  29:Src/stm32g0xx_hal_msp.c **** 
  30:Src/stm32g0xx_hal_msp.c **** /* USER CODE END TD */
  31:Src/stm32g0xx_hal_msp.c **** 
  32:Src/stm32g0xx_hal_msp.c **** /* Private define ------------------------------------------------------------*/
ARM GAS  C:\Users\thinhnnh\AppData\Local\Temp\ccTQPaDv.s 			page 2


  33:Src/stm32g0xx_hal_msp.c **** /* USER CODE BEGIN Define */
  34:Src/stm32g0xx_hal_msp.c **** 
  35:Src/stm32g0xx_hal_msp.c **** /* USER CODE END Define */
  36:Src/stm32g0xx_hal_msp.c **** 
  37:Src/stm32g0xx_hal_msp.c **** /* Private macro -------------------------------------------------------------*/
  38:Src/stm32g0xx_hal_msp.c **** /* USER CODE BEGIN Macro */
  39:Src/stm32g0xx_hal_msp.c **** 
  40:Src/stm32g0xx_hal_msp.c **** /* USER CODE END Macro */
  41:Src/stm32g0xx_hal_msp.c **** 
  42:Src/stm32g0xx_hal_msp.c **** /* Private variables ---------------------------------------------------------*/
  43:Src/stm32g0xx_hal_msp.c **** /* USER CODE BEGIN PV */
  44:Src/stm32g0xx_hal_msp.c **** 
  45:Src/stm32g0xx_hal_msp.c **** /* USER CODE END PV */
  46:Src/stm32g0xx_hal_msp.c **** 
  47:Src/stm32g0xx_hal_msp.c **** /* Private function prototypes -----------------------------------------------*/
  48:Src/stm32g0xx_hal_msp.c **** /* USER CODE BEGIN PFP */
  49:Src/stm32g0xx_hal_msp.c **** 
  50:Src/stm32g0xx_hal_msp.c **** /* USER CODE END PFP */
  51:Src/stm32g0xx_hal_msp.c **** 
  52:Src/stm32g0xx_hal_msp.c **** /* External functions --------------------------------------------------------*/
  53:Src/stm32g0xx_hal_msp.c **** /* USER CODE BEGIN ExternalFunctions */
  54:Src/stm32g0xx_hal_msp.c **** 
  55:Src/stm32g0xx_hal_msp.c **** /* USER CODE END ExternalFunctions */
  56:Src/stm32g0xx_hal_msp.c **** 
  57:Src/stm32g0xx_hal_msp.c **** /* USER CODE BEGIN 0 */
  58:Src/stm32g0xx_hal_msp.c **** 
  59:Src/stm32g0xx_hal_msp.c **** /* USER CODE END 0 */
  60:Src/stm32g0xx_hal_msp.c **** /**
  61:Src/stm32g0xx_hal_msp.c ****   * Initializes the Global MSP.
  62:Src/stm32g0xx_hal_msp.c ****   */
  63:Src/stm32g0xx_hal_msp.c **** void HAL_MspInit(void)
  64:Src/stm32g0xx_hal_msp.c **** {
  27              		.loc 1 64 1 view -0
  28              		.cfi_startproc
  29              		@ args = 0, pretend = 0, frame = 8
  30              		@ frame_needed = 0, uses_anonymous_args = 0
  31 0000 00B5     		push	{lr}
  32              	.LCFI0:
  33              		.cfi_def_cfa_offset 4
  34              		.cfi_offset 14, -4
  35 0002 83B0     		sub	sp, sp, #12
  36              	.LCFI1:
  37              		.cfi_def_cfa_offset 16
  65:Src/stm32g0xx_hal_msp.c ****   /* USER CODE BEGIN MspInit 0 */
  66:Src/stm32g0xx_hal_msp.c **** 
  67:Src/stm32g0xx_hal_msp.c ****   /* USER CODE END MspInit 0 */
  68:Src/stm32g0xx_hal_msp.c **** 
  69:Src/stm32g0xx_hal_msp.c ****   __HAL_RCC_SYSCFG_CLK_ENABLE();
  38              		.loc 1 69 3 view .LVU1
  39              	.LBB2:
  40              		.loc 1 69 3 view .LVU2
  41              		.loc 1 69 3 view .LVU3
  42 0004 134B     		ldr	r3, .L2
  43 0006 196C     		ldr	r1, [r3, #64]
  44 0008 0122     		movs	r2, #1
  45 000a 1143     		orrs	r1, r2
  46 000c 1964     		str	r1, [r3, #64]
ARM GAS  C:\Users\thinhnnh\AppData\Local\Temp\ccTQPaDv.s 			page 3


  47              		.loc 1 69 3 view .LVU4
  48 000e 196C     		ldr	r1, [r3, #64]
  49 0010 0A40     		ands	r2, r1
  50 0012 0092     		str	r2, [sp]
  51              		.loc 1 69 3 view .LVU5
  52 0014 009A     		ldr	r2, [sp]
  53              	.LBE2:
  54              		.loc 1 69 3 view .LVU6
  70:Src/stm32g0xx_hal_msp.c ****   __HAL_RCC_PWR_CLK_ENABLE();
  55              		.loc 1 70 3 view .LVU7
  56              	.LBB3:
  57              		.loc 1 70 3 view .LVU8
  58              		.loc 1 70 3 view .LVU9
  59 0016 DA6B     		ldr	r2, [r3, #60]
  60 0018 8021     		movs	r1, #128
  61 001a 4905     		lsls	r1, r1, #21
  62 001c 0A43     		orrs	r2, r1
  63 001e DA63     		str	r2, [r3, #60]
  64              		.loc 1 70 3 view .LVU10
  65 0020 DB6B     		ldr	r3, [r3, #60]
  66 0022 0B40     		ands	r3, r1
  67 0024 0193     		str	r3, [sp, #4]
  68              		.loc 1 70 3 view .LVU11
  69 0026 019B     		ldr	r3, [sp, #4]
  70              	.LBE3:
  71              		.loc 1 70 3 view .LVU12
  71:Src/stm32g0xx_hal_msp.c **** 
  72:Src/stm32g0xx_hal_msp.c ****   /* System interrupt init*/
  73:Src/stm32g0xx_hal_msp.c **** 
  74:Src/stm32g0xx_hal_msp.c ****   /* Peripheral interrupt init */
  75:Src/stm32g0xx_hal_msp.c ****   /* FLASH_IRQn interrupt configuration */
  76:Src/stm32g0xx_hal_msp.c ****   HAL_NVIC_SetPriority(FLASH_IRQn, 0, 0);
  72              		.loc 1 76 3 view .LVU13
  73 0028 0022     		movs	r2, #0
  74 002a 0021     		movs	r1, #0
  75 002c 0320     		movs	r0, #3
  76 002e FFF7FEFF 		bl	HAL_NVIC_SetPriority
  77              	.LVL0:
  77:Src/stm32g0xx_hal_msp.c ****   HAL_NVIC_EnableIRQ(FLASH_IRQn);
  78              		.loc 1 77 3 view .LVU14
  79 0032 0320     		movs	r0, #3
  80 0034 FFF7FEFF 		bl	HAL_NVIC_EnableIRQ
  81              	.LVL1:
  78:Src/stm32g0xx_hal_msp.c ****   /* RCC_IRQn interrupt configuration */
  79:Src/stm32g0xx_hal_msp.c ****   HAL_NVIC_SetPriority(RCC_IRQn, 0, 0);
  82              		.loc 1 79 3 view .LVU15
  83 0038 0022     		movs	r2, #0
  84 003a 0021     		movs	r1, #0
  85 003c 0420     		movs	r0, #4
  86 003e FFF7FEFF 		bl	HAL_NVIC_SetPriority
  87              	.LVL2:
  80:Src/stm32g0xx_hal_msp.c ****   HAL_NVIC_EnableIRQ(RCC_IRQn);
  88              		.loc 1 80 3 view .LVU16
  89 0042 0420     		movs	r0, #4
  90 0044 FFF7FEFF 		bl	HAL_NVIC_EnableIRQ
  91              	.LVL3:
  81:Src/stm32g0xx_hal_msp.c **** 
ARM GAS  C:\Users\thinhnnh\AppData\Local\Temp\ccTQPaDv.s 			page 4


  82:Src/stm32g0xx_hal_msp.c ****   /** Disable the internal Pull-Up in Dead Battery pins of UCPD peripheral
  83:Src/stm32g0xx_hal_msp.c ****   */
  84:Src/stm32g0xx_hal_msp.c ****   HAL_SYSCFG_StrobeDBattpinsConfig(SYSCFG_CFGR1_UCPD1_STROBE | SYSCFG_CFGR1_UCPD2_STROBE);
  92              		.loc 1 84 3 view .LVU17
  93 0048 C020     		movs	r0, #192
  94 004a C000     		lsls	r0, r0, #3
  95 004c FFF7FEFF 		bl	HAL_SYSCFG_StrobeDBattpinsConfig
  96              	.LVL4:
  85:Src/stm32g0xx_hal_msp.c **** 
  86:Src/stm32g0xx_hal_msp.c ****   /* USER CODE BEGIN MspInit 1 */
  87:Src/stm32g0xx_hal_msp.c **** 
  88:Src/stm32g0xx_hal_msp.c ****   /* USER CODE END MspInit 1 */
  89:Src/stm32g0xx_hal_msp.c **** }
  97              		.loc 1 89 1 is_stmt 0 view .LVU18
  98 0050 03B0     		add	sp, sp, #12
  99              		@ sp needed
 100 0052 00BD     		pop	{pc}
 101              	.L3:
 102              		.align	2
 103              	.L2:
 104 0054 00100240 		.word	1073876992
 105              		.cfi_endproc
 106              	.LFE310:
 108              		.section	.text.HAL_TIM_Base_MspInit,"ax",%progbits
 109              		.align	1
 110              		.global	HAL_TIM_Base_MspInit
 111              		.syntax unified
 112              		.code	16
 113              		.thumb_func
 115              	HAL_TIM_Base_MspInit:
 116              	.LVL5:
 117              	.LFB311:
  90:Src/stm32g0xx_hal_msp.c **** 
  91:Src/stm32g0xx_hal_msp.c **** /**
  92:Src/stm32g0xx_hal_msp.c **** * @brief TIM_Base MSP Initialization
  93:Src/stm32g0xx_hal_msp.c **** * This function configures the hardware resources used in this example
  94:Src/stm32g0xx_hal_msp.c **** * @param htim_base: TIM_Base handle pointer
  95:Src/stm32g0xx_hal_msp.c **** * @retval None
  96:Src/stm32g0xx_hal_msp.c **** */
  97:Src/stm32g0xx_hal_msp.c **** void HAL_TIM_Base_MspInit(TIM_HandleTypeDef* htim_base)
  98:Src/stm32g0xx_hal_msp.c **** {
 118              		.loc 1 98 1 is_stmt 1 view -0
 119              		.cfi_startproc
 120              		@ args = 0, pretend = 0, frame = 8
 121              		@ frame_needed = 0, uses_anonymous_args = 0
 122              		@ link register save eliminated.
 123              		.loc 1 98 1 is_stmt 0 view .LVU20
 124 0000 82B0     		sub	sp, sp, #8
 125              	.LCFI2:
 126              		.cfi_def_cfa_offset 8
  99:Src/stm32g0xx_hal_msp.c ****   if(htim_base->Instance==TIM3)
 127              		.loc 1 99 3 is_stmt 1 view .LVU21
 128              		.loc 1 99 15 is_stmt 0 view .LVU22
 129 0002 0268     		ldr	r2, [r0]
 130              		.loc 1 99 5 view .LVU23
 131 0004 074B     		ldr	r3, .L7
 132 0006 9A42     		cmp	r2, r3
ARM GAS  C:\Users\thinhnnh\AppData\Local\Temp\ccTQPaDv.s 			page 5


 133 0008 01D0     		beq	.L6
 134              	.L4:
 100:Src/stm32g0xx_hal_msp.c ****   {
 101:Src/stm32g0xx_hal_msp.c ****   /* USER CODE BEGIN TIM3_MspInit 0 */
 102:Src/stm32g0xx_hal_msp.c **** 
 103:Src/stm32g0xx_hal_msp.c ****   /* USER CODE END TIM3_MspInit 0 */
 104:Src/stm32g0xx_hal_msp.c ****     /* Peripheral clock enable */
 105:Src/stm32g0xx_hal_msp.c ****     __HAL_RCC_TIM3_CLK_ENABLE();
 106:Src/stm32g0xx_hal_msp.c ****   /* USER CODE BEGIN TIM3_MspInit 1 */
 107:Src/stm32g0xx_hal_msp.c **** 
 108:Src/stm32g0xx_hal_msp.c ****   /* USER CODE END TIM3_MspInit 1 */
 109:Src/stm32g0xx_hal_msp.c ****   }
 110:Src/stm32g0xx_hal_msp.c **** 
 111:Src/stm32g0xx_hal_msp.c **** }
 135              		.loc 1 111 1 view .LVU24
 136 000a 02B0     		add	sp, sp, #8
 137              		@ sp needed
 138 000c 7047     		bx	lr
 139              	.L6:
 105:Src/stm32g0xx_hal_msp.c ****   /* USER CODE BEGIN TIM3_MspInit 1 */
 140              		.loc 1 105 5 is_stmt 1 view .LVU25
 141              	.LBB4:
 105:Src/stm32g0xx_hal_msp.c ****   /* USER CODE BEGIN TIM3_MspInit 1 */
 142              		.loc 1 105 5 view .LVU26
 105:Src/stm32g0xx_hal_msp.c ****   /* USER CODE BEGIN TIM3_MspInit 1 */
 143              		.loc 1 105 5 view .LVU27
 144 000e 064A     		ldr	r2, .L7+4
 145 0010 D16B     		ldr	r1, [r2, #60]
 146 0012 0223     		movs	r3, #2
 147 0014 1943     		orrs	r1, r3
 148 0016 D163     		str	r1, [r2, #60]
 105:Src/stm32g0xx_hal_msp.c ****   /* USER CODE BEGIN TIM3_MspInit 1 */
 149              		.loc 1 105 5 view .LVU28
 150 0018 D26B     		ldr	r2, [r2, #60]
 151 001a 1340     		ands	r3, r2
 152 001c 0193     		str	r3, [sp, #4]
 105:Src/stm32g0xx_hal_msp.c ****   /* USER CODE BEGIN TIM3_MspInit 1 */
 153              		.loc 1 105 5 view .LVU29
 154 001e 019B     		ldr	r3, [sp, #4]
 155              	.LBE4:
 105:Src/stm32g0xx_hal_msp.c ****   /* USER CODE BEGIN TIM3_MspInit 1 */
 156              		.loc 1 105 5 view .LVU30
 157              		.loc 1 111 1 is_stmt 0 view .LVU31
 158 0020 F3E7     		b	.L4
 159              	.L8:
 160 0022 C046     		.align	2
 161              	.L7:
 162 0024 00040040 		.word	1073742848
 163 0028 00100240 		.word	1073876992
 164              		.cfi_endproc
 165              	.LFE311:
 167              		.section	.text.HAL_TIM_Base_MspDeInit,"ax",%progbits
 168              		.align	1
 169              		.global	HAL_TIM_Base_MspDeInit
 170              		.syntax unified
 171              		.code	16
 172              		.thumb_func
ARM GAS  C:\Users\thinhnnh\AppData\Local\Temp\ccTQPaDv.s 			page 6


 174              	HAL_TIM_Base_MspDeInit:
 175              	.LVL6:
 176              	.LFB312:
 112:Src/stm32g0xx_hal_msp.c **** 
 113:Src/stm32g0xx_hal_msp.c **** /**
 114:Src/stm32g0xx_hal_msp.c **** * @brief TIM_Base MSP De-Initialization
 115:Src/stm32g0xx_hal_msp.c **** * This function freeze the hardware resources used in this example
 116:Src/stm32g0xx_hal_msp.c **** * @param htim_base: TIM_Base handle pointer
 117:Src/stm32g0xx_hal_msp.c **** * @retval None
 118:Src/stm32g0xx_hal_msp.c **** */
 119:Src/stm32g0xx_hal_msp.c **** void HAL_TIM_Base_MspDeInit(TIM_HandleTypeDef* htim_base)
 120:Src/stm32g0xx_hal_msp.c **** {
 177              		.loc 1 120 1 is_stmt 1 view -0
 178              		.cfi_startproc
 179              		@ args = 0, pretend = 0, frame = 0
 180              		@ frame_needed = 0, uses_anonymous_args = 0
 181              		@ link register save eliminated.
 121:Src/stm32g0xx_hal_msp.c ****   if(htim_base->Instance==TIM3)
 182              		.loc 1 121 3 view .LVU33
 183              		.loc 1 121 15 is_stmt 0 view .LVU34
 184 0000 0268     		ldr	r2, [r0]
 185              		.loc 1 121 5 view .LVU35
 186 0002 054B     		ldr	r3, .L12
 187 0004 9A42     		cmp	r2, r3
 188 0006 00D0     		beq	.L11
 189              	.L9:
 122:Src/stm32g0xx_hal_msp.c ****   {
 123:Src/stm32g0xx_hal_msp.c ****   /* USER CODE BEGIN TIM3_MspDeInit 0 */
 124:Src/stm32g0xx_hal_msp.c **** 
 125:Src/stm32g0xx_hal_msp.c ****   /* USER CODE END TIM3_MspDeInit 0 */
 126:Src/stm32g0xx_hal_msp.c ****     /* Peripheral clock disable */
 127:Src/stm32g0xx_hal_msp.c ****     __HAL_RCC_TIM3_CLK_DISABLE();
 128:Src/stm32g0xx_hal_msp.c ****   /* USER CODE BEGIN TIM3_MspDeInit 1 */
 129:Src/stm32g0xx_hal_msp.c **** 
 130:Src/stm32g0xx_hal_msp.c ****   /* USER CODE END TIM3_MspDeInit 1 */
 131:Src/stm32g0xx_hal_msp.c ****   }
 132:Src/stm32g0xx_hal_msp.c **** 
 133:Src/stm32g0xx_hal_msp.c **** }
 190              		.loc 1 133 1 view .LVU36
 191              		@ sp needed
 192 0008 7047     		bx	lr
 193              	.L11:
 127:Src/stm32g0xx_hal_msp.c ****   /* USER CODE BEGIN TIM3_MspDeInit 1 */
 194              		.loc 1 127 5 is_stmt 1 view .LVU37
 195 000a 044A     		ldr	r2, .L12+4
 196 000c D36B     		ldr	r3, [r2, #60]
 197 000e 0221     		movs	r1, #2
 198 0010 8B43     		bics	r3, r1
 199 0012 D363     		str	r3, [r2, #60]
 200              		.loc 1 133 1 is_stmt 0 view .LVU38
 201 0014 F8E7     		b	.L9
 202              	.L13:
 203 0016 C046     		.align	2
 204              	.L12:
 205 0018 00040040 		.word	1073742848
 206 001c 00100240 		.word	1073876992
 207              		.cfi_endproc
ARM GAS  C:\Users\thinhnnh\AppData\Local\Temp\ccTQPaDv.s 			page 7


 208              	.LFE312:
 210              		.section	.text.HAL_UART_MspInit,"ax",%progbits
 211              		.align	1
 212              		.global	HAL_UART_MspInit
 213              		.syntax unified
 214              		.code	16
 215              		.thumb_func
 217              	HAL_UART_MspInit:
 218              	.LVL7:
 219              	.LFB313:
 134:Src/stm32g0xx_hal_msp.c **** 
 135:Src/stm32g0xx_hal_msp.c **** /**
 136:Src/stm32g0xx_hal_msp.c **** * @brief UART MSP Initialization
 137:Src/stm32g0xx_hal_msp.c **** * This function configures the hardware resources used in this example
 138:Src/stm32g0xx_hal_msp.c **** * @param huart: UART handle pointer
 139:Src/stm32g0xx_hal_msp.c **** * @retval None
 140:Src/stm32g0xx_hal_msp.c **** */
 141:Src/stm32g0xx_hal_msp.c **** void HAL_UART_MspInit(UART_HandleTypeDef* huart)
 142:Src/stm32g0xx_hal_msp.c **** {
 220              		.loc 1 142 1 is_stmt 1 view -0
 221              		.cfi_startproc
 222              		@ args = 0, pretend = 0, frame = 56
 223              		@ frame_needed = 0, uses_anonymous_args = 0
 224              		.loc 1 142 1 is_stmt 0 view .LVU40
 225 0000 F0B5     		push	{r4, r5, r6, r7, lr}
 226              	.LCFI3:
 227              		.cfi_def_cfa_offset 20
 228              		.cfi_offset 4, -20
 229              		.cfi_offset 5, -16
 230              		.cfi_offset 6, -12
 231              		.cfi_offset 7, -8
 232              		.cfi_offset 14, -4
 233 0002 8FB0     		sub	sp, sp, #60
 234              	.LCFI4:
 235              		.cfi_def_cfa_offset 80
 236 0004 0400     		movs	r4, r0
 143:Src/stm32g0xx_hal_msp.c ****   GPIO_InitTypeDef GPIO_InitStruct = {0};
 237              		.loc 1 143 3 is_stmt 1 view .LVU41
 238              		.loc 1 143 20 is_stmt 0 view .LVU42
 239 0006 1422     		movs	r2, #20
 240 0008 0021     		movs	r1, #0
 241 000a 09A8     		add	r0, sp, #36
 242              	.LVL8:
 243              		.loc 1 143 20 view .LVU43
 244 000c FFF7FEFF 		bl	memset
 245              	.LVL9:
 144:Src/stm32g0xx_hal_msp.c ****   RCC_PeriphCLKInitTypeDef PeriphClkInit = {0};
 246              		.loc 1 144 3 is_stmt 1 view .LVU44
 247              		.loc 1 144 28 is_stmt 0 view .LVU45
 248 0010 1C22     		movs	r2, #28
 249 0012 0021     		movs	r1, #0
 250 0014 02A8     		add	r0, sp, #8
 251 0016 FFF7FEFF 		bl	memset
 252              	.LVL10:
 145:Src/stm32g0xx_hal_msp.c ****   if(huart->Instance==USART1)
 253              		.loc 1 145 3 is_stmt 1 view .LVU46
 254              		.loc 1 145 11 is_stmt 0 view .LVU47
ARM GAS  C:\Users\thinhnnh\AppData\Local\Temp\ccTQPaDv.s 			page 8


 255 001a 2268     		ldr	r2, [r4]
 256              		.loc 1 145 5 view .LVU48
 257 001c 274B     		ldr	r3, .L19
 258 001e 9A42     		cmp	r2, r3
 259 0020 01D0     		beq	.L17
 260              	.LVL11:
 261              	.L14:
 146:Src/stm32g0xx_hal_msp.c ****   {
 147:Src/stm32g0xx_hal_msp.c ****   /* USER CODE BEGIN USART1_MspInit 0 */
 148:Src/stm32g0xx_hal_msp.c **** 
 149:Src/stm32g0xx_hal_msp.c ****   /* USER CODE END USART1_MspInit 0 */
 150:Src/stm32g0xx_hal_msp.c **** 
 151:Src/stm32g0xx_hal_msp.c ****   /** Initializes the peripherals clocks
 152:Src/stm32g0xx_hal_msp.c ****   */
 153:Src/stm32g0xx_hal_msp.c ****     PeriphClkInit.PeriphClockSelection = RCC_PERIPHCLK_USART1;
 154:Src/stm32g0xx_hal_msp.c ****     PeriphClkInit.Usart1ClockSelection = RCC_USART1CLKSOURCE_PCLK1;
 155:Src/stm32g0xx_hal_msp.c ****     if (HAL_RCCEx_PeriphCLKConfig(&PeriphClkInit) != HAL_OK)
 156:Src/stm32g0xx_hal_msp.c ****     {
 157:Src/stm32g0xx_hal_msp.c ****       Error_Handler();
 158:Src/stm32g0xx_hal_msp.c ****     }
 159:Src/stm32g0xx_hal_msp.c **** 
 160:Src/stm32g0xx_hal_msp.c ****     /* Peripheral clock enable */
 161:Src/stm32g0xx_hal_msp.c ****     __HAL_RCC_USART1_CLK_ENABLE();
 162:Src/stm32g0xx_hal_msp.c **** 
 163:Src/stm32g0xx_hal_msp.c ****     __HAL_RCC_GPIOA_CLK_ENABLE();
 164:Src/stm32g0xx_hal_msp.c ****     /**USART1 GPIO Configuration
 165:Src/stm32g0xx_hal_msp.c ****     PA9     ------> USART1_TX
 166:Src/stm32g0xx_hal_msp.c ****     PA10     ------> USART1_RX
 167:Src/stm32g0xx_hal_msp.c ****     */
 168:Src/stm32g0xx_hal_msp.c ****     GPIO_InitStruct.Pin = RS485_Tx_Pin;
 169:Src/stm32g0xx_hal_msp.c ****     GPIO_InitStruct.Mode = GPIO_MODE_AF_PP;
 170:Src/stm32g0xx_hal_msp.c ****     GPIO_InitStruct.Pull = GPIO_PULLUP;
 171:Src/stm32g0xx_hal_msp.c ****     GPIO_InitStruct.Speed = GPIO_SPEED_FREQ_VERY_HIGH;
 172:Src/stm32g0xx_hal_msp.c ****     GPIO_InitStruct.Alternate = GPIO_AF1_USART1;
 173:Src/stm32g0xx_hal_msp.c ****     HAL_GPIO_Init(RS485_Tx_GPIO_Port, &GPIO_InitStruct);
 174:Src/stm32g0xx_hal_msp.c **** 
 175:Src/stm32g0xx_hal_msp.c ****     GPIO_InitStruct.Pin = RS485_Rx_Pin;
 176:Src/stm32g0xx_hal_msp.c ****     GPIO_InitStruct.Mode = GPIO_MODE_AF_PP;
 177:Src/stm32g0xx_hal_msp.c ****     GPIO_InitStruct.Pull = GPIO_PULLDOWN;
 178:Src/stm32g0xx_hal_msp.c ****     GPIO_InitStruct.Speed = GPIO_SPEED_FREQ_VERY_HIGH;
 179:Src/stm32g0xx_hal_msp.c ****     GPIO_InitStruct.Alternate = GPIO_AF1_USART1;
 180:Src/stm32g0xx_hal_msp.c ****     HAL_GPIO_Init(RS485_Rx_GPIO_Port, &GPIO_InitStruct);
 181:Src/stm32g0xx_hal_msp.c **** 
 182:Src/stm32g0xx_hal_msp.c ****     __HAL_SYSCFG_FASTMODEPLUS_ENABLE(SYSCFG_FASTMODEPLUS_PA9);
 183:Src/stm32g0xx_hal_msp.c **** 
 184:Src/stm32g0xx_hal_msp.c ****     __HAL_SYSCFG_FASTMODEPLUS_ENABLE(SYSCFG_FASTMODEPLUS_PA10);
 185:Src/stm32g0xx_hal_msp.c **** 
 186:Src/stm32g0xx_hal_msp.c ****     /* USART1 interrupt Init */
 187:Src/stm32g0xx_hal_msp.c ****     HAL_NVIC_SetPriority(USART1_IRQn, 0, 0);
 188:Src/stm32g0xx_hal_msp.c ****     HAL_NVIC_EnableIRQ(USART1_IRQn);
 189:Src/stm32g0xx_hal_msp.c ****   /* USER CODE BEGIN USART1_MspInit 1 */
 190:Src/stm32g0xx_hal_msp.c **** 
 191:Src/stm32g0xx_hal_msp.c ****   /* USER CODE END USART1_MspInit 1 */
 192:Src/stm32g0xx_hal_msp.c ****   }
 193:Src/stm32g0xx_hal_msp.c **** 
 194:Src/stm32g0xx_hal_msp.c **** }
 262              		.loc 1 194 1 view .LVU49
ARM GAS  C:\Users\thinhnnh\AppData\Local\Temp\ccTQPaDv.s 			page 9


 263 0022 0FB0     		add	sp, sp, #60
 264              		@ sp needed
 265 0024 F0BD     		pop	{r4, r5, r6, r7, pc}
 266              	.LVL12:
 267              	.L17:
 153:Src/stm32g0xx_hal_msp.c ****     PeriphClkInit.Usart1ClockSelection = RCC_USART1CLKSOURCE_PCLK1;
 268              		.loc 1 153 5 is_stmt 1 view .LVU50
 153:Src/stm32g0xx_hal_msp.c ****     PeriphClkInit.Usart1ClockSelection = RCC_USART1CLKSOURCE_PCLK1;
 269              		.loc 1 153 40 is_stmt 0 view .LVU51
 270 0026 0123     		movs	r3, #1
 271 0028 0293     		str	r3, [sp, #8]
 154:Src/stm32g0xx_hal_msp.c ****     if (HAL_RCCEx_PeriphCLKConfig(&PeriphClkInit) != HAL_OK)
 272              		.loc 1 154 5 is_stmt 1 view .LVU52
 155:Src/stm32g0xx_hal_msp.c ****     {
 273              		.loc 1 155 5 view .LVU53
 155:Src/stm32g0xx_hal_msp.c ****     {
 274              		.loc 1 155 9 is_stmt 0 view .LVU54
 275 002a 02A8     		add	r0, sp, #8
 276 002c FFF7FEFF 		bl	HAL_RCCEx_PeriphCLKConfig
 277              	.LVL13:
 155:Src/stm32g0xx_hal_msp.c ****     {
 278              		.loc 1 155 8 view .LVU55
 279 0030 0028     		cmp	r0, #0
 280 0032 3FD1     		bne	.L18
 281              	.L16:
 161:Src/stm32g0xx_hal_msp.c **** 
 282              		.loc 1 161 5 is_stmt 1 view .LVU56
 283              	.LBB5:
 161:Src/stm32g0xx_hal_msp.c **** 
 284              		.loc 1 161 5 view .LVU57
 161:Src/stm32g0xx_hal_msp.c **** 
 285              		.loc 1 161 5 view .LVU58
 286 0034 224B     		ldr	r3, .L19+4
 287 0036 196C     		ldr	r1, [r3, #64]
 288 0038 8020     		movs	r0, #128
 289 003a C001     		lsls	r0, r0, #7
 290 003c 0143     		orrs	r1, r0
 291 003e 1964     		str	r1, [r3, #64]
 161:Src/stm32g0xx_hal_msp.c **** 
 292              		.loc 1 161 5 view .LVU59
 293 0040 1A6C     		ldr	r2, [r3, #64]
 294 0042 0240     		ands	r2, r0
 295 0044 0092     		str	r2, [sp]
 161:Src/stm32g0xx_hal_msp.c **** 
 296              		.loc 1 161 5 view .LVU60
 297 0046 009A     		ldr	r2, [sp]
 298              	.LBE5:
 161:Src/stm32g0xx_hal_msp.c **** 
 299              		.loc 1 161 5 view .LVU61
 163:Src/stm32g0xx_hal_msp.c ****     /**USART1 GPIO Configuration
 300              		.loc 1 163 5 view .LVU62
 301              	.LBB6:
 163:Src/stm32g0xx_hal_msp.c ****     /**USART1 GPIO Configuration
 302              		.loc 1 163 5 view .LVU63
 163:Src/stm32g0xx_hal_msp.c ****     /**USART1 GPIO Configuration
 303              		.loc 1 163 5 view .LVU64
 304 0048 5A6B     		ldr	r2, [r3, #52]
ARM GAS  C:\Users\thinhnnh\AppData\Local\Temp\ccTQPaDv.s 			page 10


 305 004a 0124     		movs	r4, #1
 306              	.LVL14:
 163:Src/stm32g0xx_hal_msp.c ****     /**USART1 GPIO Configuration
 307              		.loc 1 163 5 is_stmt 0 view .LVU65
 308 004c 2243     		orrs	r2, r4
 309 004e 5A63     		str	r2, [r3, #52]
 163:Src/stm32g0xx_hal_msp.c ****     /**USART1 GPIO Configuration
 310              		.loc 1 163 5 is_stmt 1 view .LVU66
 311 0050 5B6B     		ldr	r3, [r3, #52]
 312 0052 2340     		ands	r3, r4
 313 0054 0193     		str	r3, [sp, #4]
 163:Src/stm32g0xx_hal_msp.c ****     /**USART1 GPIO Configuration
 314              		.loc 1 163 5 view .LVU67
 315 0056 019B     		ldr	r3, [sp, #4]
 316              	.LBE6:
 163:Src/stm32g0xx_hal_msp.c ****     /**USART1 GPIO Configuration
 317              		.loc 1 163 5 view .LVU68
 168:Src/stm32g0xx_hal_msp.c ****     GPIO_InitStruct.Mode = GPIO_MODE_AF_PP;
 318              		.loc 1 168 5 view .LVU69
 168:Src/stm32g0xx_hal_msp.c ****     GPIO_InitStruct.Mode = GPIO_MODE_AF_PP;
 319              		.loc 1 168 25 is_stmt 0 view .LVU70
 320 0058 8023     		movs	r3, #128
 321 005a 9B00     		lsls	r3, r3, #2
 322 005c 0993     		str	r3, [sp, #36]
 169:Src/stm32g0xx_hal_msp.c ****     GPIO_InitStruct.Pull = GPIO_PULLUP;
 323              		.loc 1 169 5 is_stmt 1 view .LVU71
 169:Src/stm32g0xx_hal_msp.c ****     GPIO_InitStruct.Pull = GPIO_PULLUP;
 324              		.loc 1 169 26 is_stmt 0 view .LVU72
 325 005e 0225     		movs	r5, #2
 326 0060 0A95     		str	r5, [sp, #40]
 170:Src/stm32g0xx_hal_msp.c ****     GPIO_InitStruct.Speed = GPIO_SPEED_FREQ_VERY_HIGH;
 327              		.loc 1 170 5 is_stmt 1 view .LVU73
 170:Src/stm32g0xx_hal_msp.c ****     GPIO_InitStruct.Speed = GPIO_SPEED_FREQ_VERY_HIGH;
 328              		.loc 1 170 26 is_stmt 0 view .LVU74
 329 0062 0B94     		str	r4, [sp, #44]
 171:Src/stm32g0xx_hal_msp.c ****     GPIO_InitStruct.Alternate = GPIO_AF1_USART1;
 330              		.loc 1 171 5 is_stmt 1 view .LVU75
 171:Src/stm32g0xx_hal_msp.c ****     GPIO_InitStruct.Alternate = GPIO_AF1_USART1;
 331              		.loc 1 171 27 is_stmt 0 view .LVU76
 332 0064 0327     		movs	r7, #3
 333 0066 0C97     		str	r7, [sp, #48]
 172:Src/stm32g0xx_hal_msp.c ****     HAL_GPIO_Init(RS485_Tx_GPIO_Port, &GPIO_InitStruct);
 334              		.loc 1 172 5 is_stmt 1 view .LVU77
 172:Src/stm32g0xx_hal_msp.c ****     HAL_GPIO_Init(RS485_Tx_GPIO_Port, &GPIO_InitStruct);
 335              		.loc 1 172 31 is_stmt 0 view .LVU78
 336 0068 0D94     		str	r4, [sp, #52]
 173:Src/stm32g0xx_hal_msp.c **** 
 337              		.loc 1 173 5 is_stmt 1 view .LVU79
 338 006a A026     		movs	r6, #160
 339 006c F605     		lsls	r6, r6, #23
 340 006e 09A9     		add	r1, sp, #36
 341 0070 3000     		movs	r0, r6
 342 0072 FFF7FEFF 		bl	HAL_GPIO_Init
 343              	.LVL15:
 175:Src/stm32g0xx_hal_msp.c ****     GPIO_InitStruct.Mode = GPIO_MODE_AF_PP;
 344              		.loc 1 175 5 view .LVU80
 175:Src/stm32g0xx_hal_msp.c ****     GPIO_InitStruct.Mode = GPIO_MODE_AF_PP;
ARM GAS  C:\Users\thinhnnh\AppData\Local\Temp\ccTQPaDv.s 			page 11


 345              		.loc 1 175 25 is_stmt 0 view .LVU81
 346 0076 8023     		movs	r3, #128
 347 0078 DB00     		lsls	r3, r3, #3
 348 007a 0993     		str	r3, [sp, #36]
 176:Src/stm32g0xx_hal_msp.c ****     GPIO_InitStruct.Pull = GPIO_PULLDOWN;
 349              		.loc 1 176 5 is_stmt 1 view .LVU82
 176:Src/stm32g0xx_hal_msp.c ****     GPIO_InitStruct.Pull = GPIO_PULLDOWN;
 350              		.loc 1 176 26 is_stmt 0 view .LVU83
 351 007c 0A95     		str	r5, [sp, #40]
 177:Src/stm32g0xx_hal_msp.c ****     GPIO_InitStruct.Speed = GPIO_SPEED_FREQ_VERY_HIGH;
 352              		.loc 1 177 5 is_stmt 1 view .LVU84
 177:Src/stm32g0xx_hal_msp.c ****     GPIO_InitStruct.Speed = GPIO_SPEED_FREQ_VERY_HIGH;
 353              		.loc 1 177 26 is_stmt 0 view .LVU85
 354 007e 0B95     		str	r5, [sp, #44]
 178:Src/stm32g0xx_hal_msp.c ****     GPIO_InitStruct.Alternate = GPIO_AF1_USART1;
 355              		.loc 1 178 5 is_stmt 1 view .LVU86
 178:Src/stm32g0xx_hal_msp.c ****     GPIO_InitStruct.Alternate = GPIO_AF1_USART1;
 356              		.loc 1 178 27 is_stmt 0 view .LVU87
 357 0080 0C97     		str	r7, [sp, #48]
 179:Src/stm32g0xx_hal_msp.c ****     HAL_GPIO_Init(RS485_Rx_GPIO_Port, &GPIO_InitStruct);
 358              		.loc 1 179 5 is_stmt 1 view .LVU88
 179:Src/stm32g0xx_hal_msp.c ****     HAL_GPIO_Init(RS485_Rx_GPIO_Port, &GPIO_InitStruct);
 359              		.loc 1 179 31 is_stmt 0 view .LVU89
 360 0082 0D94     		str	r4, [sp, #52]
 180:Src/stm32g0xx_hal_msp.c **** 
 361              		.loc 1 180 5 is_stmt 1 view .LVU90
 362 0084 09A9     		add	r1, sp, #36
 363 0086 3000     		movs	r0, r6
 364 0088 FFF7FEFF 		bl	HAL_GPIO_Init
 365              	.LVL16:
 182:Src/stm32g0xx_hal_msp.c **** 
 366              		.loc 1 182 5 view .LVU91
 182:Src/stm32g0xx_hal_msp.c **** 
 367              		.loc 1 182 5 view .LVU92
 182:Src/stm32g0xx_hal_msp.c **** 
 368              		.loc 1 182 5 view .LVU93
 369 008c 0D4B     		ldr	r3, .L19+8
 370 008e 1968     		ldr	r1, [r3]
 371 0090 8022     		movs	r2, #128
 372 0092 D203     		lsls	r2, r2, #15
 373 0094 0A43     		orrs	r2, r1
 374 0096 1A60     		str	r2, [r3]
 182:Src/stm32g0xx_hal_msp.c **** 
 375              		.loc 1 182 5 view .LVU94
 184:Src/stm32g0xx_hal_msp.c **** 
 376              		.loc 1 184 5 view .LVU95
 184:Src/stm32g0xx_hal_msp.c **** 
 377              		.loc 1 184 5 view .LVU96
 184:Src/stm32g0xx_hal_msp.c **** 
 378              		.loc 1 184 5 view .LVU97
 379 0098 1968     		ldr	r1, [r3]
 380 009a 8022     		movs	r2, #128
 381 009c 1204     		lsls	r2, r2, #16
 382 009e 0A43     		orrs	r2, r1
 383 00a0 1A60     		str	r2, [r3]
 184:Src/stm32g0xx_hal_msp.c **** 
 384              		.loc 1 184 5 view .LVU98
ARM GAS  C:\Users\thinhnnh\AppData\Local\Temp\ccTQPaDv.s 			page 12


 187:Src/stm32g0xx_hal_msp.c ****     HAL_NVIC_EnableIRQ(USART1_IRQn);
 385              		.loc 1 187 5 view .LVU99
 386 00a2 0022     		movs	r2, #0
 387 00a4 0021     		movs	r1, #0
 388 00a6 1B20     		movs	r0, #27
 389 00a8 FFF7FEFF 		bl	HAL_NVIC_SetPriority
 390              	.LVL17:
 188:Src/stm32g0xx_hal_msp.c ****   /* USER CODE BEGIN USART1_MspInit 1 */
 391              		.loc 1 188 5 view .LVU100
 392 00ac 1B20     		movs	r0, #27
 393 00ae FFF7FEFF 		bl	HAL_NVIC_EnableIRQ
 394              	.LVL18:
 395              		.loc 1 194 1 is_stmt 0 view .LVU101
 396 00b2 B6E7     		b	.L14
 397              	.LVL19:
 398              	.L18:
 157:Src/stm32g0xx_hal_msp.c ****     }
 399              		.loc 1 157 7 is_stmt 1 view .LVU102
 400 00b4 FFF7FEFF 		bl	Error_Handler
 401              	.LVL20:
 402 00b8 BCE7     		b	.L16
 403              	.L20:
 404 00ba C046     		.align	2
 405              	.L19:
 406 00bc 00380140 		.word	1073821696
 407 00c0 00100240 		.word	1073876992
 408 00c4 00000140 		.word	1073807360
 409              		.cfi_endproc
 410              	.LFE313:
 412              		.section	.text.HAL_UART_MspDeInit,"ax",%progbits
 413              		.align	1
 414              		.global	HAL_UART_MspDeInit
 415              		.syntax unified
 416              		.code	16
 417              		.thumb_func
 419              	HAL_UART_MspDeInit:
 420              	.LVL21:
 421              	.LFB314:
 195:Src/stm32g0xx_hal_msp.c **** 
 196:Src/stm32g0xx_hal_msp.c **** /**
 197:Src/stm32g0xx_hal_msp.c **** * @brief UART MSP De-Initialization
 198:Src/stm32g0xx_hal_msp.c **** * This function freeze the hardware resources used in this example
 199:Src/stm32g0xx_hal_msp.c **** * @param huart: UART handle pointer
 200:Src/stm32g0xx_hal_msp.c **** * @retval None
 201:Src/stm32g0xx_hal_msp.c **** */
 202:Src/stm32g0xx_hal_msp.c **** void HAL_UART_MspDeInit(UART_HandleTypeDef* huart)
 203:Src/stm32g0xx_hal_msp.c **** {
 422              		.loc 1 203 1 view -0
 423              		.cfi_startproc
 424              		@ args = 0, pretend = 0, frame = 0
 425              		@ frame_needed = 0, uses_anonymous_args = 0
 426              		.loc 1 203 1 is_stmt 0 view .LVU104
 427 0000 10B5     		push	{r4, lr}
 428              	.LCFI5:
 429              		.cfi_def_cfa_offset 8
 430              		.cfi_offset 4, -8
 431              		.cfi_offset 14, -4
ARM GAS  C:\Users\thinhnnh\AppData\Local\Temp\ccTQPaDv.s 			page 13


 204:Src/stm32g0xx_hal_msp.c ****   if(huart->Instance==USART1)
 432              		.loc 1 204 3 is_stmt 1 view .LVU105
 433              		.loc 1 204 11 is_stmt 0 view .LVU106
 434 0002 0268     		ldr	r2, [r0]
 435              		.loc 1 204 5 view .LVU107
 436 0004 094B     		ldr	r3, .L24
 437 0006 9A42     		cmp	r2, r3
 438 0008 00D0     		beq	.L23
 439              	.LVL22:
 440              	.L21:
 205:Src/stm32g0xx_hal_msp.c ****   {
 206:Src/stm32g0xx_hal_msp.c ****   /* USER CODE BEGIN USART1_MspDeInit 0 */
 207:Src/stm32g0xx_hal_msp.c **** 
 208:Src/stm32g0xx_hal_msp.c ****   /* USER CODE END USART1_MspDeInit 0 */
 209:Src/stm32g0xx_hal_msp.c ****     /* Peripheral clock disable */
 210:Src/stm32g0xx_hal_msp.c ****     __HAL_RCC_USART1_CLK_DISABLE();
 211:Src/stm32g0xx_hal_msp.c **** 
 212:Src/stm32g0xx_hal_msp.c ****     /**USART1 GPIO Configuration
 213:Src/stm32g0xx_hal_msp.c ****     PA9     ------> USART1_TX
 214:Src/stm32g0xx_hal_msp.c ****     PA10     ------> USART1_RX
 215:Src/stm32g0xx_hal_msp.c ****     */
 216:Src/stm32g0xx_hal_msp.c ****     HAL_GPIO_DeInit(GPIOA, RS485_Tx_Pin|RS485_Rx_Pin);
 217:Src/stm32g0xx_hal_msp.c **** 
 218:Src/stm32g0xx_hal_msp.c ****     /* USART1 interrupt DeInit */
 219:Src/stm32g0xx_hal_msp.c ****     HAL_NVIC_DisableIRQ(USART1_IRQn);
 220:Src/stm32g0xx_hal_msp.c ****   /* USER CODE BEGIN USART1_MspDeInit 1 */
 221:Src/stm32g0xx_hal_msp.c **** 
 222:Src/stm32g0xx_hal_msp.c ****   /* USER CODE END USART1_MspDeInit 1 */
 223:Src/stm32g0xx_hal_msp.c ****   }
 224:Src/stm32g0xx_hal_msp.c **** 
 225:Src/stm32g0xx_hal_msp.c **** }
 441              		.loc 1 225 1 view .LVU108
 442              		@ sp needed
 443 000a 10BD     		pop	{r4, pc}
 444              	.LVL23:
 445              	.L23:
 210:Src/stm32g0xx_hal_msp.c **** 
 446              		.loc 1 210 5 is_stmt 1 view .LVU109
 447 000c 084A     		ldr	r2, .L24+4
 448 000e 136C     		ldr	r3, [r2, #64]
 449 0010 0849     		ldr	r1, .L24+8
 450 0012 0B40     		ands	r3, r1
 451 0014 1364     		str	r3, [r2, #64]
 216:Src/stm32g0xx_hal_msp.c **** 
 452              		.loc 1 216 5 view .LVU110
 453 0016 C021     		movs	r1, #192
 454 0018 A020     		movs	r0, #160
 455              	.LVL24:
 216:Src/stm32g0xx_hal_msp.c **** 
 456              		.loc 1 216 5 is_stmt 0 view .LVU111
 457 001a C900     		lsls	r1, r1, #3
 458 001c C005     		lsls	r0, r0, #23
 459 001e FFF7FEFF 		bl	HAL_GPIO_DeInit
 460              	.LVL25:
 219:Src/stm32g0xx_hal_msp.c ****   /* USER CODE BEGIN USART1_MspDeInit 1 */
 461              		.loc 1 219 5 is_stmt 1 view .LVU112
 462 0022 1B20     		movs	r0, #27
ARM GAS  C:\Users\thinhnnh\AppData\Local\Temp\ccTQPaDv.s 			page 14


 463 0024 FFF7FEFF 		bl	HAL_NVIC_DisableIRQ
 464              	.LVL26:
 465              		.loc 1 225 1 is_stmt 0 view .LVU113
 466 0028 EFE7     		b	.L21
 467              	.L25:
 468 002a C046     		.align	2
 469              	.L24:
 470 002c 00380140 		.word	1073821696
 471 0030 00100240 		.word	1073876992
 472 0034 FFBFFFFF 		.word	-16385
 473              		.cfi_endproc
 474              	.LFE314:
 476              		.text
 477              	.Letext0:
 478              		.file 2 "c:\\gcc_arm\\arm-none-eabi\\include\\machine\\_default_types.h"
 479              		.file 3 "c:\\gcc_arm\\arm-none-eabi\\include\\sys\\_stdint.h"
 480              		.file 4 "Drivers/CMSIS/Device/ST/STM32G0xx/Include/stm32g070xx.h"
 481              		.file 5 "Drivers/STM32G0xx_HAL_Driver/Inc/stm32g0xx_hal_def.h"
 482              		.file 6 "Drivers/STM32G0xx_HAL_Driver/Inc/stm32g0xx_hal_rcc_ex.h"
 483              		.file 7 "Drivers/STM32G0xx_HAL_Driver/Inc/stm32g0xx_hal_gpio.h"
 484              		.file 8 "Drivers/STM32G0xx_HAL_Driver/Inc/stm32g0xx_hal_dma.h"
 485              		.file 9 "Drivers/STM32G0xx_HAL_Driver/Inc/stm32g0xx_hal_tim.h"
 486              		.file 10 "Drivers/STM32G0xx_HAL_Driver/Inc/stm32g0xx_hal_uart.h"
 487              		.file 11 "Drivers/STM32G0xx_HAL_Driver/Inc/stm32g0xx_ll_dma.h"
 488              		.file 12 "Drivers/STM32G0xx_HAL_Driver/Inc/stm32g0xx_hal_cortex.h"
 489              		.file 13 "Inc/main.h"
 490              		.file 14 "Drivers/STM32G0xx_HAL_Driver/Inc/stm32g0xx_hal.h"
 491              		.file 15 "<built-in>"
ARM GAS  C:\Users\thinhnnh\AppData\Local\Temp\ccTQPaDv.s 			page 15


DEFINED SYMBOLS
                            *ABS*:00000000 stm32g0xx_hal_msp.c
C:\Users\thinhnnh\AppData\Local\Temp\ccTQPaDv.s:18     .text.HAL_MspInit:00000000 $t
C:\Users\thinhnnh\AppData\Local\Temp\ccTQPaDv.s:24     .text.HAL_MspInit:00000000 HAL_MspInit
C:\Users\thinhnnh\AppData\Local\Temp\ccTQPaDv.s:104    .text.HAL_MspInit:00000054 $d
C:\Users\thinhnnh\AppData\Local\Temp\ccTQPaDv.s:109    .text.HAL_TIM_Base_MspInit:00000000 $t
C:\Users\thinhnnh\AppData\Local\Temp\ccTQPaDv.s:115    .text.HAL_TIM_Base_MspInit:00000000 HAL_TIM_Base_MspInit
C:\Users\thinhnnh\AppData\Local\Temp\ccTQPaDv.s:162    .text.HAL_TIM_Base_MspInit:00000024 $d
C:\Users\thinhnnh\AppData\Local\Temp\ccTQPaDv.s:168    .text.HAL_TIM_Base_MspDeInit:00000000 $t
C:\Users\thinhnnh\AppData\Local\Temp\ccTQPaDv.s:174    .text.HAL_TIM_Base_MspDeInit:00000000 HAL_TIM_Base_MspDeInit
C:\Users\thinhnnh\AppData\Local\Temp\ccTQPaDv.s:205    .text.HAL_TIM_Base_MspDeInit:00000018 $d
C:\Users\thinhnnh\AppData\Local\Temp\ccTQPaDv.s:211    .text.HAL_UART_MspInit:00000000 $t
C:\Users\thinhnnh\AppData\Local\Temp\ccTQPaDv.s:217    .text.HAL_UART_MspInit:00000000 HAL_UART_MspInit
C:\Users\thinhnnh\AppData\Local\Temp\ccTQPaDv.s:406    .text.HAL_UART_MspInit:000000bc $d
C:\Users\thinhnnh\AppData\Local\Temp\ccTQPaDv.s:413    .text.HAL_UART_MspDeInit:00000000 $t
C:\Users\thinhnnh\AppData\Local\Temp\ccTQPaDv.s:419    .text.HAL_UART_MspDeInit:00000000 HAL_UART_MspDeInit
C:\Users\thinhnnh\AppData\Local\Temp\ccTQPaDv.s:470    .text.HAL_UART_MspDeInit:0000002c $d

UNDEFINED SYMBOLS
HAL_NVIC_SetPriority
HAL_NVIC_EnableIRQ
HAL_SYSCFG_StrobeDBattpinsConfig
memset
HAL_RCCEx_PeriphCLKConfig
HAL_GPIO_Init
Error_Handler
HAL_GPIO_DeInit
HAL_NVIC_DisableIRQ
