ARM GAS  C:\Users\thinhnnh\AppData\Local\Temp\ccNg2X6C.s 			page 1


   1              		.cpu cortex-m0plus
   2              		.arch armv6s-m
   3              		.fpu softvfp
   4              		.eabi_attribute 20, 1
   5              		.eabi_attribute 21, 1
   6              		.eabi_attribute 23, 3
   7              		.eabi_attribute 24, 1
   8              		.eabi_attribute 25, 1
   9              		.eabi_attribute 26, 1
  10              		.eabi_attribute 30, 1
  11              		.eabi_attribute 34, 0
  12              		.eabi_attribute 18, 4
  13              		.file	"stm32g0xx_hal_msp.c"
  14              		.text
  15              	.Ltext0:
  16              		.cfi_sections	.debug_frame
  17              		.section	.text.HAL_MspInit,"ax",%progbits
  18              		.align	1
  19              		.global	HAL_MspInit
  20              		.syntax unified
  21              		.code	16
  22              		.thumb_func
  24              	HAL_MspInit:
  25              	.LFB310:
  26              		.file 1 "Src/stm32g0xx_hal_msp.c"
   1:Src/stm32g0xx_hal_msp.c **** /* USER CODE BEGIN Header */
   2:Src/stm32g0xx_hal_msp.c **** /**
   3:Src/stm32g0xx_hal_msp.c ****   ******************************************************************************
   4:Src/stm32g0xx_hal_msp.c ****   * @file         stm32g0xx_hal_msp.c
   5:Src/stm32g0xx_hal_msp.c ****   * @brief        This file provides code for the MSP Initialization
   6:Src/stm32g0xx_hal_msp.c ****   *               and de-Initialization codes.
   7:Src/stm32g0xx_hal_msp.c ****   ******************************************************************************
   8:Src/stm32g0xx_hal_msp.c ****   * @attention
   9:Src/stm32g0xx_hal_msp.c ****   *
  10:Src/stm32g0xx_hal_msp.c ****   * Copyright (c) 2022 STMicroelectronics.
  11:Src/stm32g0xx_hal_msp.c ****   * All rights reserved.
  12:Src/stm32g0xx_hal_msp.c ****   *
  13:Src/stm32g0xx_hal_msp.c ****   * This software is licensed under terms that can be found in the LICENSE file
  14:Src/stm32g0xx_hal_msp.c ****   * in the root directory of this software component.
  15:Src/stm32g0xx_hal_msp.c ****   * If no LICENSE file comes with this software, it is provided AS-IS.
  16:Src/stm32g0xx_hal_msp.c ****   *
  17:Src/stm32g0xx_hal_msp.c ****   ******************************************************************************
  18:Src/stm32g0xx_hal_msp.c ****   */
  19:Src/stm32g0xx_hal_msp.c **** /* USER CODE END Header */
  20:Src/stm32g0xx_hal_msp.c **** 
  21:Src/stm32g0xx_hal_msp.c **** /* Includes ------------------------------------------------------------------*/
  22:Src/stm32g0xx_hal_msp.c **** #include "main.h"
  23:Src/stm32g0xx_hal_msp.c **** /* USER CODE BEGIN Includes */
  24:Src/stm32g0xx_hal_msp.c **** 
  25:Src/stm32g0xx_hal_msp.c **** /* USER CODE END Includes */
  26:Src/stm32g0xx_hal_msp.c **** 
  27:Src/stm32g0xx_hal_msp.c **** /* Private typedef -----------------------------------------------------------*/
  28:Src/stm32g0xx_hal_msp.c **** /* USER CODE BEGIN TD */
  29:Src/stm32g0xx_hal_msp.c **** 
  30:Src/stm32g0xx_hal_msp.c **** /* USER CODE END TD */
  31:Src/stm32g0xx_hal_msp.c **** 
  32:Src/stm32g0xx_hal_msp.c **** /* Private define ------------------------------------------------------------*/
ARM GAS  C:\Users\thinhnnh\AppData\Local\Temp\ccNg2X6C.s 			page 2


  33:Src/stm32g0xx_hal_msp.c **** /* USER CODE BEGIN Define */
  34:Src/stm32g0xx_hal_msp.c **** 
  35:Src/stm32g0xx_hal_msp.c **** /* USER CODE END Define */
  36:Src/stm32g0xx_hal_msp.c **** 
  37:Src/stm32g0xx_hal_msp.c **** /* Private macro -------------------------------------------------------------*/
  38:Src/stm32g0xx_hal_msp.c **** /* USER CODE BEGIN Macro */
  39:Src/stm32g0xx_hal_msp.c **** 
  40:Src/stm32g0xx_hal_msp.c **** /* USER CODE END Macro */
  41:Src/stm32g0xx_hal_msp.c **** 
  42:Src/stm32g0xx_hal_msp.c **** /* Private variables ---------------------------------------------------------*/
  43:Src/stm32g0xx_hal_msp.c **** /* USER CODE BEGIN PV */
  44:Src/stm32g0xx_hal_msp.c **** 
  45:Src/stm32g0xx_hal_msp.c **** /* USER CODE END PV */
  46:Src/stm32g0xx_hal_msp.c **** 
  47:Src/stm32g0xx_hal_msp.c **** /* Private function prototypes -----------------------------------------------*/
  48:Src/stm32g0xx_hal_msp.c **** /* USER CODE BEGIN PFP */
  49:Src/stm32g0xx_hal_msp.c **** 
  50:Src/stm32g0xx_hal_msp.c **** /* USER CODE END PFP */
  51:Src/stm32g0xx_hal_msp.c **** 
  52:Src/stm32g0xx_hal_msp.c **** /* External functions --------------------------------------------------------*/
  53:Src/stm32g0xx_hal_msp.c **** /* USER CODE BEGIN ExternalFunctions */
  54:Src/stm32g0xx_hal_msp.c **** 
  55:Src/stm32g0xx_hal_msp.c **** /* USER CODE END ExternalFunctions */
  56:Src/stm32g0xx_hal_msp.c **** 
  57:Src/stm32g0xx_hal_msp.c **** /* USER CODE BEGIN 0 */
  58:Src/stm32g0xx_hal_msp.c **** 
  59:Src/stm32g0xx_hal_msp.c **** /* USER CODE END 0 */
  60:Src/stm32g0xx_hal_msp.c **** /**
  61:Src/stm32g0xx_hal_msp.c ****   * Initializes the Global MSP.
  62:Src/stm32g0xx_hal_msp.c ****   */
  63:Src/stm32g0xx_hal_msp.c **** void HAL_MspInit(void)
  64:Src/stm32g0xx_hal_msp.c **** {
  27              		.loc 1 64 1 view -0
  28              		.cfi_startproc
  29              		@ args = 0, pretend = 0, frame = 8
  30              		@ frame_needed = 0, uses_anonymous_args = 0
  31 0000 00B5     		push	{lr}
  32              	.LCFI0:
  33              		.cfi_def_cfa_offset 4
  34              		.cfi_offset 14, -4
  35 0002 83B0     		sub	sp, sp, #12
  36              	.LCFI1:
  37              		.cfi_def_cfa_offset 16
  65:Src/stm32g0xx_hal_msp.c ****   /* USER CODE BEGIN MspInit 0 */
  66:Src/stm32g0xx_hal_msp.c **** 
  67:Src/stm32g0xx_hal_msp.c ****   /* USER CODE END MspInit 0 */
  68:Src/stm32g0xx_hal_msp.c **** 
  69:Src/stm32g0xx_hal_msp.c ****   __HAL_RCC_SYSCFG_CLK_ENABLE();
  38              		.loc 1 69 3 view .LVU1
  39              	.LBB2:
  40              		.loc 1 69 3 view .LVU2
  41              		.loc 1 69 3 view .LVU3
  42 0004 134B     		ldr	r3, .L2
  43 0006 196C     		ldr	r1, [r3, #64]
  44 0008 0122     		movs	r2, #1
  45 000a 1143     		orrs	r1, r2
  46 000c 1964     		str	r1, [r3, #64]
ARM GAS  C:\Users\thinhnnh\AppData\Local\Temp\ccNg2X6C.s 			page 3


  47              		.loc 1 69 3 view .LVU4
  48 000e 196C     		ldr	r1, [r3, #64]
  49 0010 0A40     		ands	r2, r1
  50 0012 0092     		str	r2, [sp]
  51              		.loc 1 69 3 view .LVU5
  52 0014 009A     		ldr	r2, [sp]
  53              	.LBE2:
  54              		.loc 1 69 3 view .LVU6
  70:Src/stm32g0xx_hal_msp.c ****   __HAL_RCC_PWR_CLK_ENABLE();
  55              		.loc 1 70 3 view .LVU7
  56              	.LBB3:
  57              		.loc 1 70 3 view .LVU8
  58              		.loc 1 70 3 view .LVU9
  59 0016 DA6B     		ldr	r2, [r3, #60]
  60 0018 8021     		movs	r1, #128
  61 001a 4905     		lsls	r1, r1, #21
  62 001c 0A43     		orrs	r2, r1
  63 001e DA63     		str	r2, [r3, #60]
  64              		.loc 1 70 3 view .LVU10
  65 0020 DB6B     		ldr	r3, [r3, #60]
  66 0022 0B40     		ands	r3, r1
  67 0024 0193     		str	r3, [sp, #4]
  68              		.loc 1 70 3 view .LVU11
  69 0026 019B     		ldr	r3, [sp, #4]
  70              	.LBE3:
  71              		.loc 1 70 3 view .LVU12
  71:Src/stm32g0xx_hal_msp.c **** 
  72:Src/stm32g0xx_hal_msp.c ****   /* System interrupt init*/
  73:Src/stm32g0xx_hal_msp.c **** 
  74:Src/stm32g0xx_hal_msp.c ****   /* Peripheral interrupt init */
  75:Src/stm32g0xx_hal_msp.c ****   /* FLASH_IRQn interrupt configuration */
  76:Src/stm32g0xx_hal_msp.c ****   HAL_NVIC_SetPriority(FLASH_IRQn, 0, 0);
  72              		.loc 1 76 3 view .LVU13
  73 0028 0022     		movs	r2, #0
  74 002a 0021     		movs	r1, #0
  75 002c 0320     		movs	r0, #3
  76 002e FFF7FEFF 		bl	HAL_NVIC_SetPriority
  77              	.LVL0:
  77:Src/stm32g0xx_hal_msp.c ****   HAL_NVIC_EnableIRQ(FLASH_IRQn);
  78              		.loc 1 77 3 view .LVU14
  79 0032 0320     		movs	r0, #3
  80 0034 FFF7FEFF 		bl	HAL_NVIC_EnableIRQ
  81              	.LVL1:
  78:Src/stm32g0xx_hal_msp.c ****   /* RCC_IRQn interrupt configuration */
  79:Src/stm32g0xx_hal_msp.c ****   HAL_NVIC_SetPriority(RCC_IRQn, 0, 0);
  82              		.loc 1 79 3 view .LVU15
  83 0038 0022     		movs	r2, #0
  84 003a 0021     		movs	r1, #0
  85 003c 0420     		movs	r0, #4
  86 003e FFF7FEFF 		bl	HAL_NVIC_SetPriority
  87              	.LVL2:
  80:Src/stm32g0xx_hal_msp.c ****   HAL_NVIC_EnableIRQ(RCC_IRQn);
  88              		.loc 1 80 3 view .LVU16
  89 0042 0420     		movs	r0, #4
  90 0044 FFF7FEFF 		bl	HAL_NVIC_EnableIRQ
  91              	.LVL3:
  81:Src/stm32g0xx_hal_msp.c **** 
ARM GAS  C:\Users\thinhnnh\AppData\Local\Temp\ccNg2X6C.s 			page 4


  82:Src/stm32g0xx_hal_msp.c ****   /** Disable the internal Pull-Up in Dead Battery pins of UCPD peripheral
  83:Src/stm32g0xx_hal_msp.c ****   */
  84:Src/stm32g0xx_hal_msp.c ****   HAL_SYSCFG_StrobeDBattpinsConfig(SYSCFG_CFGR1_UCPD1_STROBE | SYSCFG_CFGR1_UCPD2_STROBE);
  92              		.loc 1 84 3 view .LVU17
  93 0048 C020     		movs	r0, #192
  94 004a C000     		lsls	r0, r0, #3
  95 004c FFF7FEFF 		bl	HAL_SYSCFG_StrobeDBattpinsConfig
  96              	.LVL4:
  85:Src/stm32g0xx_hal_msp.c **** 
  86:Src/stm32g0xx_hal_msp.c ****   /* USER CODE BEGIN MspInit 1 */
  87:Src/stm32g0xx_hal_msp.c **** 
  88:Src/stm32g0xx_hal_msp.c ****   /* USER CODE END MspInit 1 */
  89:Src/stm32g0xx_hal_msp.c **** }
  97              		.loc 1 89 1 is_stmt 0 view .LVU18
  98 0050 03B0     		add	sp, sp, #12
  99              		@ sp needed
 100 0052 00BD     		pop	{pc}
 101              	.L3:
 102              		.align	2
 103              	.L2:
 104 0054 00100240 		.word	1073876992
 105              		.cfi_endproc
 106              	.LFE310:
 108              		.section	.text.HAL_TIM_Base_MspInit,"ax",%progbits
 109              		.align	1
 110              		.global	HAL_TIM_Base_MspInit
 111              		.syntax unified
 112              		.code	16
 113              		.thumb_func
 115              	HAL_TIM_Base_MspInit:
 116              	.LVL5:
 117              	.LFB311:
  90:Src/stm32g0xx_hal_msp.c **** 
  91:Src/stm32g0xx_hal_msp.c **** /**
  92:Src/stm32g0xx_hal_msp.c **** * @brief TIM_Base MSP Initialization
  93:Src/stm32g0xx_hal_msp.c **** * This function configures the hardware resources used in this example
  94:Src/stm32g0xx_hal_msp.c **** * @param htim_base: TIM_Base handle pointer
  95:Src/stm32g0xx_hal_msp.c **** * @retval None
  96:Src/stm32g0xx_hal_msp.c **** */
  97:Src/stm32g0xx_hal_msp.c **** void HAL_TIM_Base_MspInit(TIM_HandleTypeDef* htim_base)
  98:Src/stm32g0xx_hal_msp.c **** {
 118              		.loc 1 98 1 is_stmt 1 view -0
 119              		.cfi_startproc
 120              		@ args = 0, pretend = 0, frame = 8
 121              		@ frame_needed = 0, uses_anonymous_args = 0
 122              		@ link register save eliminated.
 123              		.loc 1 98 1 is_stmt 0 view .LVU20
 124 0000 82B0     		sub	sp, sp, #8
 125              	.LCFI2:
 126              		.cfi_def_cfa_offset 8
  99:Src/stm32g0xx_hal_msp.c ****   if(htim_base->Instance==TIM3)
 127              		.loc 1 99 3 is_stmt 1 view .LVU21
 128              		.loc 1 99 15 is_stmt 0 view .LVU22
 129 0002 0268     		ldr	r2, [r0]
 130              		.loc 1 99 5 view .LVU23
 131 0004 074B     		ldr	r3, .L7
 132 0006 9A42     		cmp	r2, r3
ARM GAS  C:\Users\thinhnnh\AppData\Local\Temp\ccNg2X6C.s 			page 5


 133 0008 01D0     		beq	.L6
 134              	.L4:
 100:Src/stm32g0xx_hal_msp.c ****   {
 101:Src/stm32g0xx_hal_msp.c ****   /* USER CODE BEGIN TIM3_MspInit 0 */
 102:Src/stm32g0xx_hal_msp.c **** 
 103:Src/stm32g0xx_hal_msp.c ****   /* USER CODE END TIM3_MspInit 0 */
 104:Src/stm32g0xx_hal_msp.c ****     /* Peripheral clock enable */
 105:Src/stm32g0xx_hal_msp.c ****     __HAL_RCC_TIM3_CLK_ENABLE();
 106:Src/stm32g0xx_hal_msp.c ****   /* USER CODE BEGIN TIM3_MspInit 1 */
 107:Src/stm32g0xx_hal_msp.c **** 
 108:Src/stm32g0xx_hal_msp.c ****   /* USER CODE END TIM3_MspInit 1 */
 109:Src/stm32g0xx_hal_msp.c ****   }
 110:Src/stm32g0xx_hal_msp.c **** 
 111:Src/stm32g0xx_hal_msp.c **** }
 135              		.loc 1 111 1 view .LVU24
 136 000a 02B0     		add	sp, sp, #8
 137              		@ sp needed
 138 000c 7047     		bx	lr
 139              	.L6:
 105:Src/stm32g0xx_hal_msp.c ****   /* USER CODE BEGIN TIM3_MspInit 1 */
 140              		.loc 1 105 5 is_stmt 1 view .LVU25
 141              	.LBB4:
 105:Src/stm32g0xx_hal_msp.c ****   /* USER CODE BEGIN TIM3_MspInit 1 */
 142              		.loc 1 105 5 view .LVU26
 105:Src/stm32g0xx_hal_msp.c ****   /* USER CODE BEGIN TIM3_MspInit 1 */
 143              		.loc 1 105 5 view .LVU27
 144 000e 064A     		ldr	r2, .L7+4
 145 0010 D16B     		ldr	r1, [r2, #60]
 146 0012 0223     		movs	r3, #2
 147 0014 1943     		orrs	r1, r3
 148 0016 D163     		str	r1, [r2, #60]
 105:Src/stm32g0xx_hal_msp.c ****   /* USER CODE BEGIN TIM3_MspInit 1 */
 149              		.loc 1 105 5 view .LVU28
 150 0018 D26B     		ldr	r2, [r2, #60]
 151 001a 1340     		ands	r3, r2
 152 001c 0193     		str	r3, [sp, #4]
 105:Src/stm32g0xx_hal_msp.c ****   /* USER CODE BEGIN TIM3_MspInit 1 */
 153              		.loc 1 105 5 view .LVU29
 154 001e 019B     		ldr	r3, [sp, #4]
 155              	.LBE4:
 105:Src/stm32g0xx_hal_msp.c ****   /* USER CODE BEGIN TIM3_MspInit 1 */
 156              		.loc 1 105 5 view .LVU30
 157              		.loc 1 111 1 is_stmt 0 view .LVU31
 158 0020 F3E7     		b	.L4
 159              	.L8:
 160 0022 C046     		.align	2
 161              	.L7:
 162 0024 00040040 		.word	1073742848
 163 0028 00100240 		.word	1073876992
 164              		.cfi_endproc
 165              	.LFE311:
 167              		.section	.text.HAL_TIM_Base_MspDeInit,"ax",%progbits
 168              		.align	1
 169              		.global	HAL_TIM_Base_MspDeInit
 170              		.syntax unified
 171              		.code	16
 172              		.thumb_func
ARM GAS  C:\Users\thinhnnh\AppData\Local\Temp\ccNg2X6C.s 			page 6


 174              	HAL_TIM_Base_MspDeInit:
 175              	.LVL6:
 176              	.LFB312:
 112:Src/stm32g0xx_hal_msp.c **** 
 113:Src/stm32g0xx_hal_msp.c **** /**
 114:Src/stm32g0xx_hal_msp.c **** * @brief TIM_Base MSP De-Initialization
 115:Src/stm32g0xx_hal_msp.c **** * This function freeze the hardware resources used in this example
 116:Src/stm32g0xx_hal_msp.c **** * @param htim_base: TIM_Base handle pointer
 117:Src/stm32g0xx_hal_msp.c **** * @retval None
 118:Src/stm32g0xx_hal_msp.c **** */
 119:Src/stm32g0xx_hal_msp.c **** void HAL_TIM_Base_MspDeInit(TIM_HandleTypeDef* htim_base)
 120:Src/stm32g0xx_hal_msp.c **** {
 177              		.loc 1 120 1 is_stmt 1 view -0
 178              		.cfi_startproc
 179              		@ args = 0, pretend = 0, frame = 0
 180              		@ frame_needed = 0, uses_anonymous_args = 0
 181              		@ link register save eliminated.
 121:Src/stm32g0xx_hal_msp.c ****   if(htim_base->Instance==TIM3)
 182              		.loc 1 121 3 view .LVU33
 183              		.loc 1 121 15 is_stmt 0 view .LVU34
 184 0000 0268     		ldr	r2, [r0]
 185              		.loc 1 121 5 view .LVU35
 186 0002 054B     		ldr	r3, .L12
 187 0004 9A42     		cmp	r2, r3
 188 0006 00D0     		beq	.L11
 189              	.L9:
 122:Src/stm32g0xx_hal_msp.c ****   {
 123:Src/stm32g0xx_hal_msp.c ****   /* USER CODE BEGIN TIM3_MspDeInit 0 */
 124:Src/stm32g0xx_hal_msp.c **** 
 125:Src/stm32g0xx_hal_msp.c ****   /* USER CODE END TIM3_MspDeInit 0 */
 126:Src/stm32g0xx_hal_msp.c ****     /* Peripheral clock disable */
 127:Src/stm32g0xx_hal_msp.c ****     __HAL_RCC_TIM3_CLK_DISABLE();
 128:Src/stm32g0xx_hal_msp.c ****   /* USER CODE BEGIN TIM3_MspDeInit 1 */
 129:Src/stm32g0xx_hal_msp.c **** 
 130:Src/stm32g0xx_hal_msp.c ****   /* USER CODE END TIM3_MspDeInit 1 */
 131:Src/stm32g0xx_hal_msp.c ****   }
 132:Src/stm32g0xx_hal_msp.c **** 
 133:Src/stm32g0xx_hal_msp.c **** }
 190              		.loc 1 133 1 view .LVU36
 191              		@ sp needed
 192 0008 7047     		bx	lr
 193              	.L11:
 127:Src/stm32g0xx_hal_msp.c ****   /* USER CODE BEGIN TIM3_MspDeInit 1 */
 194              		.loc 1 127 5 is_stmt 1 view .LVU37
 195 000a 044A     		ldr	r2, .L12+4
 196 000c D36B     		ldr	r3, [r2, #60]
 197 000e 0221     		movs	r1, #2
 198 0010 8B43     		bics	r3, r1
 199 0012 D363     		str	r3, [r2, #60]
 200              		.loc 1 133 1 is_stmt 0 view .LVU38
 201 0014 F8E7     		b	.L9
 202              	.L13:
 203 0016 C046     		.align	2
 204              	.L12:
 205 0018 00040040 		.word	1073742848
 206 001c 00100240 		.word	1073876992
 207              		.cfi_endproc
ARM GAS  C:\Users\thinhnnh\AppData\Local\Temp\ccNg2X6C.s 			page 7


 208              	.LFE312:
 210              		.section	.text.HAL_UART_MspInit,"ax",%progbits
 211              		.align	1
 212              		.global	HAL_UART_MspInit
 213              		.syntax unified
 214              		.code	16
 215              		.thumb_func
 217              	HAL_UART_MspInit:
 218              	.LVL7:
 219              	.LFB313:
 134:Src/stm32g0xx_hal_msp.c **** 
 135:Src/stm32g0xx_hal_msp.c **** /**
 136:Src/stm32g0xx_hal_msp.c **** * @brief UART MSP Initialization
 137:Src/stm32g0xx_hal_msp.c **** * This function configures the hardware resources used in this example
 138:Src/stm32g0xx_hal_msp.c **** * @param huart: UART handle pointer
 139:Src/stm32g0xx_hal_msp.c **** * @retval None
 140:Src/stm32g0xx_hal_msp.c **** */
 141:Src/stm32g0xx_hal_msp.c **** void HAL_UART_MspInit(UART_HandleTypeDef* huart)
 142:Src/stm32g0xx_hal_msp.c **** {
 220              		.loc 1 142 1 is_stmt 1 view -0
 221              		.cfi_startproc
 222              		@ args = 0, pretend = 0, frame = 64
 223              		@ frame_needed = 0, uses_anonymous_args = 0
 224              		.loc 1 142 1 is_stmt 0 view .LVU40
 225 0000 F0B5     		push	{r4, r5, r6, r7, lr}
 226              	.LCFI3:
 227              		.cfi_def_cfa_offset 20
 228              		.cfi_offset 4, -20
 229              		.cfi_offset 5, -16
 230              		.cfi_offset 6, -12
 231              		.cfi_offset 7, -8
 232              		.cfi_offset 14, -4
 233 0002 91B0     		sub	sp, sp, #68
 234              	.LCFI4:
 235              		.cfi_def_cfa_offset 88
 236 0004 0400     		movs	r4, r0
 143:Src/stm32g0xx_hal_msp.c ****   GPIO_InitTypeDef GPIO_InitStruct = {0};
 237              		.loc 1 143 3 is_stmt 1 view .LVU41
 238              		.loc 1 143 20 is_stmt 0 view .LVU42
 239 0006 1422     		movs	r2, #20
 240 0008 0021     		movs	r1, #0
 241 000a 0BA8     		add	r0, sp, #44
 242              	.LVL8:
 243              		.loc 1 143 20 view .LVU43
 244 000c FFF7FEFF 		bl	memset
 245              	.LVL9:
 144:Src/stm32g0xx_hal_msp.c ****   RCC_PeriphCLKInitTypeDef PeriphClkInit = {0};
 246              		.loc 1 144 3 is_stmt 1 view .LVU44
 247              		.loc 1 144 28 is_stmt 0 view .LVU45
 248 0010 1C22     		movs	r2, #28
 249 0012 0021     		movs	r1, #0
 250 0014 04A8     		add	r0, sp, #16
 251 0016 FFF7FEFF 		bl	memset
 252              	.LVL10:
 145:Src/stm32g0xx_hal_msp.c ****   if(huart->Instance==USART2)
 253              		.loc 1 145 3 is_stmt 1 view .LVU46
 254              		.loc 1 145 11 is_stmt 0 view .LVU47
ARM GAS  C:\Users\thinhnnh\AppData\Local\Temp\ccNg2X6C.s 			page 8


 255 001a 2368     		ldr	r3, [r4]
 256              		.loc 1 145 5 view .LVU48
 257 001c 354A     		ldr	r2, .L21
 258 001e 9342     		cmp	r3, r2
 259 0020 04D0     		beq	.L18
 146:Src/stm32g0xx_hal_msp.c ****   {
 147:Src/stm32g0xx_hal_msp.c ****   /* USER CODE BEGIN USART2_MspInit 0 */
 148:Src/stm32g0xx_hal_msp.c **** 
 149:Src/stm32g0xx_hal_msp.c ****   /* USER CODE END USART2_MspInit 0 */
 150:Src/stm32g0xx_hal_msp.c **** 
 151:Src/stm32g0xx_hal_msp.c ****   /** Initializes the peripherals clocks
 152:Src/stm32g0xx_hal_msp.c ****   */
 153:Src/stm32g0xx_hal_msp.c ****     PeriphClkInit.PeriphClockSelection = RCC_PERIPHCLK_USART2;
 154:Src/stm32g0xx_hal_msp.c ****     PeriphClkInit.Usart2ClockSelection = RCC_USART2CLKSOURCE_PCLK1;
 155:Src/stm32g0xx_hal_msp.c ****     if (HAL_RCCEx_PeriphCLKConfig(&PeriphClkInit) != HAL_OK)
 156:Src/stm32g0xx_hal_msp.c ****     {
 157:Src/stm32g0xx_hal_msp.c ****       Error_Handler();
 158:Src/stm32g0xx_hal_msp.c ****     }
 159:Src/stm32g0xx_hal_msp.c **** 
 160:Src/stm32g0xx_hal_msp.c ****     /* Peripheral clock enable */
 161:Src/stm32g0xx_hal_msp.c ****     __HAL_RCC_USART2_CLK_ENABLE();
 162:Src/stm32g0xx_hal_msp.c **** 
 163:Src/stm32g0xx_hal_msp.c ****     __HAL_RCC_GPIOA_CLK_ENABLE();
 164:Src/stm32g0xx_hal_msp.c ****     /**USART2 GPIO Configuration
 165:Src/stm32g0xx_hal_msp.c ****     PA2     ------> USART2_TX
 166:Src/stm32g0xx_hal_msp.c ****     PA3     ------> USART2_RX
 167:Src/stm32g0xx_hal_msp.c ****     */
 168:Src/stm32g0xx_hal_msp.c ****     GPIO_InitStruct.Pin = LoRaWAN_Tx_Pin|LoRaWAN_Rx_Pin;
 169:Src/stm32g0xx_hal_msp.c ****     GPIO_InitStruct.Mode = GPIO_MODE_AF_PP;
 170:Src/stm32g0xx_hal_msp.c ****     GPIO_InitStruct.Pull = GPIO_PULLDOWN;
 171:Src/stm32g0xx_hal_msp.c ****     GPIO_InitStruct.Speed = GPIO_SPEED_FREQ_VERY_HIGH;
 172:Src/stm32g0xx_hal_msp.c ****     GPIO_InitStruct.Alternate = GPIO_AF1_USART2;
 173:Src/stm32g0xx_hal_msp.c ****     HAL_GPIO_Init(GPIOA, &GPIO_InitStruct);
 174:Src/stm32g0xx_hal_msp.c **** 
 175:Src/stm32g0xx_hal_msp.c ****     /* USART2 interrupt Init */
 176:Src/stm32g0xx_hal_msp.c ****     HAL_NVIC_SetPriority(USART2_IRQn, 1, 0);
 177:Src/stm32g0xx_hal_msp.c ****     HAL_NVIC_EnableIRQ(USART2_IRQn);
 178:Src/stm32g0xx_hal_msp.c ****   /* USER CODE BEGIN USART2_MspInit 1 */
 179:Src/stm32g0xx_hal_msp.c **** 
 180:Src/stm32g0xx_hal_msp.c ****   /* USER CODE END USART2_MspInit 1 */
 181:Src/stm32g0xx_hal_msp.c ****   }
 182:Src/stm32g0xx_hal_msp.c ****   else if(huart->Instance==USART4)
 260              		.loc 1 182 8 is_stmt 1 view .LVU49
 261              		.loc 1 182 10 is_stmt 0 view .LVU50
 262 0022 354A     		ldr	r2, .L21+4
 263 0024 9342     		cmp	r3, r2
 264 0026 33D0     		beq	.L19
 265              	.LVL11:
 266              	.L14:
 183:Src/stm32g0xx_hal_msp.c ****   {
 184:Src/stm32g0xx_hal_msp.c ****   /* USER CODE BEGIN USART4_MspInit 0 */
 185:Src/stm32g0xx_hal_msp.c **** 
 186:Src/stm32g0xx_hal_msp.c ****   /* USER CODE END USART4_MspInit 0 */
 187:Src/stm32g0xx_hal_msp.c **** 
 188:Src/stm32g0xx_hal_msp.c ****     /* Peripheral clock enable */
 189:Src/stm32g0xx_hal_msp.c ****     __HAL_RCC_USART4_CLK_ENABLE();
 190:Src/stm32g0xx_hal_msp.c **** 
ARM GAS  C:\Users\thinhnnh\AppData\Local\Temp\ccNg2X6C.s 			page 9


 191:Src/stm32g0xx_hal_msp.c ****     __HAL_RCC_GPIOA_CLK_ENABLE();
 192:Src/stm32g0xx_hal_msp.c ****     /**USART4 GPIO Configuration
 193:Src/stm32g0xx_hal_msp.c ****     PA0     ------> USART4_TX
 194:Src/stm32g0xx_hal_msp.c ****     PA1     ------> USART4_RX
 195:Src/stm32g0xx_hal_msp.c ****     */
 196:Src/stm32g0xx_hal_msp.c ****     GPIO_InitStruct.Pin = RS485_Tx_Pin;
 197:Src/stm32g0xx_hal_msp.c ****     GPIO_InitStruct.Mode = GPIO_MODE_AF_PP;
 198:Src/stm32g0xx_hal_msp.c ****     GPIO_InitStruct.Pull = GPIO_PULLUP;
 199:Src/stm32g0xx_hal_msp.c ****     GPIO_InitStruct.Speed = GPIO_SPEED_FREQ_VERY_HIGH;
 200:Src/stm32g0xx_hal_msp.c ****     GPIO_InitStruct.Alternate = GPIO_AF4_USART4;
 201:Src/stm32g0xx_hal_msp.c ****     HAL_GPIO_Init(RS485_Tx_GPIO_Port, &GPIO_InitStruct);
 202:Src/stm32g0xx_hal_msp.c **** 
 203:Src/stm32g0xx_hal_msp.c ****     GPIO_InitStruct.Pin = RS485_Rx_Pin;
 204:Src/stm32g0xx_hal_msp.c ****     GPIO_InitStruct.Mode = GPIO_MODE_AF_PP;
 205:Src/stm32g0xx_hal_msp.c ****     GPIO_InitStruct.Pull = GPIO_PULLDOWN;
 206:Src/stm32g0xx_hal_msp.c ****     GPIO_InitStruct.Speed = GPIO_SPEED_FREQ_VERY_HIGH;
 207:Src/stm32g0xx_hal_msp.c ****     GPIO_InitStruct.Alternate = GPIO_AF4_USART4;
 208:Src/stm32g0xx_hal_msp.c ****     HAL_GPIO_Init(RS485_Rx_GPIO_Port, &GPIO_InitStruct);
 209:Src/stm32g0xx_hal_msp.c **** 
 210:Src/stm32g0xx_hal_msp.c ****     /* USART4 interrupt Init */
 211:Src/stm32g0xx_hal_msp.c ****     HAL_NVIC_SetPriority(USART3_4_IRQn, 0, 0);
 212:Src/stm32g0xx_hal_msp.c ****     HAL_NVIC_EnableIRQ(USART3_4_IRQn);
 213:Src/stm32g0xx_hal_msp.c ****   /* USER CODE BEGIN USART4_MspInit 1 */
 214:Src/stm32g0xx_hal_msp.c **** 
 215:Src/stm32g0xx_hal_msp.c ****   /* USER CODE END USART4_MspInit 1 */
 216:Src/stm32g0xx_hal_msp.c ****   }
 217:Src/stm32g0xx_hal_msp.c **** 
 218:Src/stm32g0xx_hal_msp.c **** }
 267              		.loc 1 218 1 view .LVU51
 268 0028 11B0     		add	sp, sp, #68
 269              		@ sp needed
 270 002a F0BD     		pop	{r4, r5, r6, r7, pc}
 271              	.LVL12:
 272              	.L18:
 153:Src/stm32g0xx_hal_msp.c ****     PeriphClkInit.Usart2ClockSelection = RCC_USART2CLKSOURCE_PCLK1;
 273              		.loc 1 153 5 is_stmt 1 view .LVU52
 153:Src/stm32g0xx_hal_msp.c ****     PeriphClkInit.Usart2ClockSelection = RCC_USART2CLKSOURCE_PCLK1;
 274              		.loc 1 153 40 is_stmt 0 view .LVU53
 275 002c 0223     		movs	r3, #2
 276 002e 0493     		str	r3, [sp, #16]
 154:Src/stm32g0xx_hal_msp.c ****     if (HAL_RCCEx_PeriphCLKConfig(&PeriphClkInit) != HAL_OK)
 277              		.loc 1 154 5 is_stmt 1 view .LVU54
 155:Src/stm32g0xx_hal_msp.c ****     {
 278              		.loc 1 155 5 view .LVU55
 155:Src/stm32g0xx_hal_msp.c ****     {
 279              		.loc 1 155 9 is_stmt 0 view .LVU56
 280 0030 04A8     		add	r0, sp, #16
 281 0032 FFF7FEFF 		bl	HAL_RCCEx_PeriphCLKConfig
 282              	.LVL13:
 155:Src/stm32g0xx_hal_msp.c ****     {
 283              		.loc 1 155 8 view .LVU57
 284 0036 0028     		cmp	r0, #0
 285 0038 27D1     		bne	.L20
 286              	.L16:
 161:Src/stm32g0xx_hal_msp.c **** 
 287              		.loc 1 161 5 is_stmt 1 view .LVU58
 288              	.LBB5:
ARM GAS  C:\Users\thinhnnh\AppData\Local\Temp\ccNg2X6C.s 			page 10


 161:Src/stm32g0xx_hal_msp.c **** 
 289              		.loc 1 161 5 view .LVU59
 161:Src/stm32g0xx_hal_msp.c **** 
 290              		.loc 1 161 5 view .LVU60
 291 003a 304B     		ldr	r3, .L21+8
 292 003c D96B     		ldr	r1, [r3, #60]
 293 003e 8020     		movs	r0, #128
 294 0040 8002     		lsls	r0, r0, #10
 295 0042 0143     		orrs	r1, r0
 296 0044 D963     		str	r1, [r3, #60]
 161:Src/stm32g0xx_hal_msp.c **** 
 297              		.loc 1 161 5 view .LVU61
 298 0046 DA6B     		ldr	r2, [r3, #60]
 299 0048 0240     		ands	r2, r0
 300 004a 0092     		str	r2, [sp]
 161:Src/stm32g0xx_hal_msp.c **** 
 301              		.loc 1 161 5 view .LVU62
 302 004c 009A     		ldr	r2, [sp]
 303              	.LBE5:
 161:Src/stm32g0xx_hal_msp.c **** 
 304              		.loc 1 161 5 view .LVU63
 163:Src/stm32g0xx_hal_msp.c ****     /**USART2 GPIO Configuration
 305              		.loc 1 163 5 view .LVU64
 306              	.LBB6:
 163:Src/stm32g0xx_hal_msp.c ****     /**USART2 GPIO Configuration
 307              		.loc 1 163 5 view .LVU65
 163:Src/stm32g0xx_hal_msp.c ****     /**USART2 GPIO Configuration
 308              		.loc 1 163 5 view .LVU66
 309 004e 596B     		ldr	r1, [r3, #52]
 310 0050 0122     		movs	r2, #1
 311 0052 1143     		orrs	r1, r2
 312 0054 5963     		str	r1, [r3, #52]
 163:Src/stm32g0xx_hal_msp.c ****     /**USART2 GPIO Configuration
 313              		.loc 1 163 5 view .LVU67
 314 0056 5B6B     		ldr	r3, [r3, #52]
 315 0058 1340     		ands	r3, r2
 316 005a 0193     		str	r3, [sp, #4]
 163:Src/stm32g0xx_hal_msp.c ****     /**USART2 GPIO Configuration
 317              		.loc 1 163 5 view .LVU68
 318 005c 019B     		ldr	r3, [sp, #4]
 319              	.LBE6:
 163:Src/stm32g0xx_hal_msp.c ****     /**USART2 GPIO Configuration
 320              		.loc 1 163 5 view .LVU69
 168:Src/stm32g0xx_hal_msp.c ****     GPIO_InitStruct.Mode = GPIO_MODE_AF_PP;
 321              		.loc 1 168 5 view .LVU70
 168:Src/stm32g0xx_hal_msp.c ****     GPIO_InitStruct.Mode = GPIO_MODE_AF_PP;
 322              		.loc 1 168 25 is_stmt 0 view .LVU71
 323 005e 0C23     		movs	r3, #12
 324 0060 0B93     		str	r3, [sp, #44]
 169:Src/stm32g0xx_hal_msp.c ****     GPIO_InitStruct.Pull = GPIO_PULLDOWN;
 325              		.loc 1 169 5 is_stmt 1 view .LVU72
 169:Src/stm32g0xx_hal_msp.c ****     GPIO_InitStruct.Pull = GPIO_PULLDOWN;
 326              		.loc 1 169 26 is_stmt 0 view .LVU73
 327 0062 0A3B     		subs	r3, r3, #10
 328 0064 0C93     		str	r3, [sp, #48]
 170:Src/stm32g0xx_hal_msp.c ****     GPIO_InitStruct.Speed = GPIO_SPEED_FREQ_VERY_HIGH;
 329              		.loc 1 170 5 is_stmt 1 view .LVU74
ARM GAS  C:\Users\thinhnnh\AppData\Local\Temp\ccNg2X6C.s 			page 11


 170:Src/stm32g0xx_hal_msp.c ****     GPIO_InitStruct.Speed = GPIO_SPEED_FREQ_VERY_HIGH;
 330              		.loc 1 170 26 is_stmt 0 view .LVU75
 331 0066 0D93     		str	r3, [sp, #52]
 171:Src/stm32g0xx_hal_msp.c ****     GPIO_InitStruct.Alternate = GPIO_AF1_USART2;
 332              		.loc 1 171 5 is_stmt 1 view .LVU76
 171:Src/stm32g0xx_hal_msp.c ****     GPIO_InitStruct.Alternate = GPIO_AF1_USART2;
 333              		.loc 1 171 27 is_stmt 0 view .LVU77
 334 0068 0133     		adds	r3, r3, #1
 335 006a 0E93     		str	r3, [sp, #56]
 172:Src/stm32g0xx_hal_msp.c ****     HAL_GPIO_Init(GPIOA, &GPIO_InitStruct);
 336              		.loc 1 172 5 is_stmt 1 view .LVU78
 172:Src/stm32g0xx_hal_msp.c ****     HAL_GPIO_Init(GPIOA, &GPIO_InitStruct);
 337              		.loc 1 172 31 is_stmt 0 view .LVU79
 338 006c 0F92     		str	r2, [sp, #60]
 173:Src/stm32g0xx_hal_msp.c **** 
 339              		.loc 1 173 5 is_stmt 1 view .LVU80
 340 006e A020     		movs	r0, #160
 341 0070 0BA9     		add	r1, sp, #44
 342 0072 C005     		lsls	r0, r0, #23
 343 0074 FFF7FEFF 		bl	HAL_GPIO_Init
 344              	.LVL14:
 176:Src/stm32g0xx_hal_msp.c ****     HAL_NVIC_EnableIRQ(USART2_IRQn);
 345              		.loc 1 176 5 view .LVU81
 346 0078 0022     		movs	r2, #0
 347 007a 0121     		movs	r1, #1
 348 007c 1C20     		movs	r0, #28
 349 007e FFF7FEFF 		bl	HAL_NVIC_SetPriority
 350              	.LVL15:
 177:Src/stm32g0xx_hal_msp.c ****   /* USER CODE BEGIN USART2_MspInit 1 */
 351              		.loc 1 177 5 view .LVU82
 352 0082 1C20     		movs	r0, #28
 353 0084 FFF7FEFF 		bl	HAL_NVIC_EnableIRQ
 354              	.LVL16:
 355 0088 CEE7     		b	.L14
 356              	.L20:
 157:Src/stm32g0xx_hal_msp.c ****     }
 357              		.loc 1 157 7 view .LVU83
 358 008a FFF7FEFF 		bl	Error_Handler
 359              	.LVL17:
 360 008e D4E7     		b	.L16
 361              	.L19:
 189:Src/stm32g0xx_hal_msp.c **** 
 362              		.loc 1 189 5 view .LVU84
 363              	.LBB7:
 189:Src/stm32g0xx_hal_msp.c **** 
 364              		.loc 1 189 5 view .LVU85
 189:Src/stm32g0xx_hal_msp.c **** 
 365              		.loc 1 189 5 view .LVU86
 366 0090 1A4B     		ldr	r3, .L21+8
 367 0092 D96B     		ldr	r1, [r3, #60]
 368 0094 8020     		movs	r0, #128
 369 0096 0003     		lsls	r0, r0, #12
 370 0098 0143     		orrs	r1, r0
 371 009a D963     		str	r1, [r3, #60]
 189:Src/stm32g0xx_hal_msp.c **** 
 372              		.loc 1 189 5 view .LVU87
 373 009c DA6B     		ldr	r2, [r3, #60]
ARM GAS  C:\Users\thinhnnh\AppData\Local\Temp\ccNg2X6C.s 			page 12


 374 009e 0240     		ands	r2, r0
 375 00a0 0292     		str	r2, [sp, #8]
 189:Src/stm32g0xx_hal_msp.c **** 
 376              		.loc 1 189 5 view .LVU88
 377 00a2 029A     		ldr	r2, [sp, #8]
 378              	.LBE7:
 189:Src/stm32g0xx_hal_msp.c **** 
 379              		.loc 1 189 5 view .LVU89
 191:Src/stm32g0xx_hal_msp.c ****     /**USART4 GPIO Configuration
 380              		.loc 1 191 5 view .LVU90
 381              	.LBB8:
 191:Src/stm32g0xx_hal_msp.c ****     /**USART4 GPIO Configuration
 382              		.loc 1 191 5 view .LVU91
 191:Src/stm32g0xx_hal_msp.c ****     /**USART4 GPIO Configuration
 383              		.loc 1 191 5 view .LVU92
 384 00a4 596B     		ldr	r1, [r3, #52]
 385 00a6 0122     		movs	r2, #1
 386 00a8 1143     		orrs	r1, r2
 387 00aa 5963     		str	r1, [r3, #52]
 191:Src/stm32g0xx_hal_msp.c ****     /**USART4 GPIO Configuration
 388              		.loc 1 191 5 view .LVU93
 389 00ac 5B6B     		ldr	r3, [r3, #52]
 390 00ae 1340     		ands	r3, r2
 391 00b0 0393     		str	r3, [sp, #12]
 191:Src/stm32g0xx_hal_msp.c ****     /**USART4 GPIO Configuration
 392              		.loc 1 191 5 view .LVU94
 393 00b2 039B     		ldr	r3, [sp, #12]
 394              	.LBE8:
 191:Src/stm32g0xx_hal_msp.c ****     /**USART4 GPIO Configuration
 395              		.loc 1 191 5 view .LVU95
 196:Src/stm32g0xx_hal_msp.c ****     GPIO_InitStruct.Mode = GPIO_MODE_AF_PP;
 396              		.loc 1 196 5 view .LVU96
 196:Src/stm32g0xx_hal_msp.c ****     GPIO_InitStruct.Mode = GPIO_MODE_AF_PP;
 397              		.loc 1 196 25 is_stmt 0 view .LVU97
 398 00b4 0B92     		str	r2, [sp, #44]
 197:Src/stm32g0xx_hal_msp.c ****     GPIO_InitStruct.Pull = GPIO_PULLUP;
 399              		.loc 1 197 5 is_stmt 1 view .LVU98
 197:Src/stm32g0xx_hal_msp.c ****     GPIO_InitStruct.Pull = GPIO_PULLUP;
 400              		.loc 1 197 26 is_stmt 0 view .LVU99
 401 00b6 0224     		movs	r4, #2
 402              	.LVL18:
 197:Src/stm32g0xx_hal_msp.c ****     GPIO_InitStruct.Pull = GPIO_PULLUP;
 403              		.loc 1 197 26 view .LVU100
 404 00b8 0C94     		str	r4, [sp, #48]
 198:Src/stm32g0xx_hal_msp.c ****     GPIO_InitStruct.Speed = GPIO_SPEED_FREQ_VERY_HIGH;
 405              		.loc 1 198 5 is_stmt 1 view .LVU101
 198:Src/stm32g0xx_hal_msp.c ****     GPIO_InitStruct.Speed = GPIO_SPEED_FREQ_VERY_HIGH;
 406              		.loc 1 198 26 is_stmt 0 view .LVU102
 407 00ba 0D92     		str	r2, [sp, #52]
 199:Src/stm32g0xx_hal_msp.c ****     GPIO_InitStruct.Alternate = GPIO_AF4_USART4;
 408              		.loc 1 199 5 is_stmt 1 view .LVU103
 199:Src/stm32g0xx_hal_msp.c ****     GPIO_InitStruct.Alternate = GPIO_AF4_USART4;
 409              		.loc 1 199 27 is_stmt 0 view .LVU104
 410 00bc 0327     		movs	r7, #3
 411 00be 0E97     		str	r7, [sp, #56]
 200:Src/stm32g0xx_hal_msp.c ****     HAL_GPIO_Init(RS485_Tx_GPIO_Port, &GPIO_InitStruct);
 412              		.loc 1 200 5 is_stmt 1 view .LVU105
ARM GAS  C:\Users\thinhnnh\AppData\Local\Temp\ccNg2X6C.s 			page 13


 200:Src/stm32g0xx_hal_msp.c ****     HAL_GPIO_Init(RS485_Tx_GPIO_Port, &GPIO_InitStruct);
 413              		.loc 1 200 31 is_stmt 0 view .LVU106
 414 00c0 0426     		movs	r6, #4
 415 00c2 0F96     		str	r6, [sp, #60]
 201:Src/stm32g0xx_hal_msp.c **** 
 416              		.loc 1 201 5 is_stmt 1 view .LVU107
 417 00c4 A025     		movs	r5, #160
 418 00c6 ED05     		lsls	r5, r5, #23
 419 00c8 0BA9     		add	r1, sp, #44
 420 00ca 2800     		movs	r0, r5
 421 00cc FFF7FEFF 		bl	HAL_GPIO_Init
 422              	.LVL19:
 203:Src/stm32g0xx_hal_msp.c ****     GPIO_InitStruct.Mode = GPIO_MODE_AF_PP;
 423              		.loc 1 203 5 view .LVU108
 203:Src/stm32g0xx_hal_msp.c ****     GPIO_InitStruct.Mode = GPIO_MODE_AF_PP;
 424              		.loc 1 203 25 is_stmt 0 view .LVU109
 425 00d0 0B94     		str	r4, [sp, #44]
 204:Src/stm32g0xx_hal_msp.c ****     GPIO_InitStruct.Pull = GPIO_PULLDOWN;
 426              		.loc 1 204 5 is_stmt 1 view .LVU110
 204:Src/stm32g0xx_hal_msp.c ****     GPIO_InitStruct.Pull = GPIO_PULLDOWN;
 427              		.loc 1 204 26 is_stmt 0 view .LVU111
 428 00d2 0C94     		str	r4, [sp, #48]
 205:Src/stm32g0xx_hal_msp.c ****     GPIO_InitStruct.Speed = GPIO_SPEED_FREQ_VERY_HIGH;
 429              		.loc 1 205 5 is_stmt 1 view .LVU112
 205:Src/stm32g0xx_hal_msp.c ****     GPIO_InitStruct.Speed = GPIO_SPEED_FREQ_VERY_HIGH;
 430              		.loc 1 205 26 is_stmt 0 view .LVU113
 431 00d4 0D94     		str	r4, [sp, #52]
 206:Src/stm32g0xx_hal_msp.c ****     GPIO_InitStruct.Alternate = GPIO_AF4_USART4;
 432              		.loc 1 206 5 is_stmt 1 view .LVU114
 206:Src/stm32g0xx_hal_msp.c ****     GPIO_InitStruct.Alternate = GPIO_AF4_USART4;
 433              		.loc 1 206 27 is_stmt 0 view .LVU115
 434 00d6 0E97     		str	r7, [sp, #56]
 207:Src/stm32g0xx_hal_msp.c ****     HAL_GPIO_Init(RS485_Rx_GPIO_Port, &GPIO_InitStruct);
 435              		.loc 1 207 5 is_stmt 1 view .LVU116
 207:Src/stm32g0xx_hal_msp.c ****     HAL_GPIO_Init(RS485_Rx_GPIO_Port, &GPIO_InitStruct);
 436              		.loc 1 207 31 is_stmt 0 view .LVU117
 437 00d8 0F96     		str	r6, [sp, #60]
 208:Src/stm32g0xx_hal_msp.c **** 
 438              		.loc 1 208 5 is_stmt 1 view .LVU118
 439 00da 0BA9     		add	r1, sp, #44
 440 00dc 2800     		movs	r0, r5
 441 00de FFF7FEFF 		bl	HAL_GPIO_Init
 442              	.LVL20:
 211:Src/stm32g0xx_hal_msp.c ****     HAL_NVIC_EnableIRQ(USART3_4_IRQn);
 443              		.loc 1 211 5 view .LVU119
 444 00e2 0022     		movs	r2, #0
 445 00e4 0021     		movs	r1, #0
 446 00e6 1D20     		movs	r0, #29
 447 00e8 FFF7FEFF 		bl	HAL_NVIC_SetPriority
 448              	.LVL21:
 212:Src/stm32g0xx_hal_msp.c ****   /* USER CODE BEGIN USART4_MspInit 1 */
 449              		.loc 1 212 5 view .LVU120
 450 00ec 1D20     		movs	r0, #29
 451 00ee FFF7FEFF 		bl	HAL_NVIC_EnableIRQ
 452              	.LVL22:
 453              		.loc 1 218 1 is_stmt 0 view .LVU121
 454 00f2 99E7     		b	.L14
ARM GAS  C:\Users\thinhnnh\AppData\Local\Temp\ccNg2X6C.s 			page 14


 455              	.L22:
 456              		.align	2
 457              	.L21:
 458 00f4 00440040 		.word	1073759232
 459 00f8 004C0040 		.word	1073761280
 460 00fc 00100240 		.word	1073876992
 461              		.cfi_endproc
 462              	.LFE313:
 464              		.section	.text.HAL_UART_MspDeInit,"ax",%progbits
 465              		.align	1
 466              		.global	HAL_UART_MspDeInit
 467              		.syntax unified
 468              		.code	16
 469              		.thumb_func
 471              	HAL_UART_MspDeInit:
 472              	.LVL23:
 473              	.LFB314:
 219:Src/stm32g0xx_hal_msp.c **** 
 220:Src/stm32g0xx_hal_msp.c **** /**
 221:Src/stm32g0xx_hal_msp.c **** * @brief UART MSP De-Initialization
 222:Src/stm32g0xx_hal_msp.c **** * This function freeze the hardware resources used in this example
 223:Src/stm32g0xx_hal_msp.c **** * @param huart: UART handle pointer
 224:Src/stm32g0xx_hal_msp.c **** * @retval None
 225:Src/stm32g0xx_hal_msp.c **** */
 226:Src/stm32g0xx_hal_msp.c **** void HAL_UART_MspDeInit(UART_HandleTypeDef* huart)
 227:Src/stm32g0xx_hal_msp.c **** {
 474              		.loc 1 227 1 is_stmt 1 view -0
 475              		.cfi_startproc
 476              		@ args = 0, pretend = 0, frame = 0
 477              		@ frame_needed = 0, uses_anonymous_args = 0
 478              		.loc 1 227 1 is_stmt 0 view .LVU123
 479 0000 10B5     		push	{r4, lr}
 480              	.LCFI5:
 481              		.cfi_def_cfa_offset 8
 482              		.cfi_offset 4, -8
 483              		.cfi_offset 14, -4
 228:Src/stm32g0xx_hal_msp.c ****   if(huart->Instance==USART2)
 484              		.loc 1 228 3 is_stmt 1 view .LVU124
 485              		.loc 1 228 11 is_stmt 0 view .LVU125
 486 0002 0368     		ldr	r3, [r0]
 487              		.loc 1 228 5 view .LVU126
 488 0004 114A     		ldr	r2, .L28
 489 0006 9342     		cmp	r3, r2
 490 0008 03D0     		beq	.L26
 229:Src/stm32g0xx_hal_msp.c ****   {
 230:Src/stm32g0xx_hal_msp.c ****   /* USER CODE BEGIN USART2_MspDeInit 0 */
 231:Src/stm32g0xx_hal_msp.c **** 
 232:Src/stm32g0xx_hal_msp.c ****   /* USER CODE END USART2_MspDeInit 0 */
 233:Src/stm32g0xx_hal_msp.c ****     /* Peripheral clock disable */
 234:Src/stm32g0xx_hal_msp.c ****     __HAL_RCC_USART2_CLK_DISABLE();
 235:Src/stm32g0xx_hal_msp.c **** 
 236:Src/stm32g0xx_hal_msp.c ****     /**USART2 GPIO Configuration
 237:Src/stm32g0xx_hal_msp.c ****     PA2     ------> USART2_TX
 238:Src/stm32g0xx_hal_msp.c ****     PA3     ------> USART2_RX
 239:Src/stm32g0xx_hal_msp.c ****     */
 240:Src/stm32g0xx_hal_msp.c ****     HAL_GPIO_DeInit(GPIOA, LoRaWAN_Tx_Pin|LoRaWAN_Rx_Pin);
 241:Src/stm32g0xx_hal_msp.c **** 
ARM GAS  C:\Users\thinhnnh\AppData\Local\Temp\ccNg2X6C.s 			page 15


 242:Src/stm32g0xx_hal_msp.c ****     /* USART2 interrupt DeInit */
 243:Src/stm32g0xx_hal_msp.c ****     HAL_NVIC_DisableIRQ(USART2_IRQn);
 244:Src/stm32g0xx_hal_msp.c ****   /* USER CODE BEGIN USART2_MspDeInit 1 */
 245:Src/stm32g0xx_hal_msp.c **** 
 246:Src/stm32g0xx_hal_msp.c ****   /* USER CODE END USART2_MspDeInit 1 */
 247:Src/stm32g0xx_hal_msp.c ****   }
 248:Src/stm32g0xx_hal_msp.c ****   else if(huart->Instance==USART4)
 491              		.loc 1 248 8 is_stmt 1 view .LVU127
 492              		.loc 1 248 10 is_stmt 0 view .LVU128
 493 000a 114A     		ldr	r2, .L28+4
 494 000c 9342     		cmp	r3, r2
 495 000e 0ED0     		beq	.L27
 496              	.LVL24:
 497              	.L23:
 249:Src/stm32g0xx_hal_msp.c ****   {
 250:Src/stm32g0xx_hal_msp.c ****   /* USER CODE BEGIN USART4_MspDeInit 0 */
 251:Src/stm32g0xx_hal_msp.c **** 
 252:Src/stm32g0xx_hal_msp.c ****   /* USER CODE END USART4_MspDeInit 0 */
 253:Src/stm32g0xx_hal_msp.c ****     /* Peripheral clock disable */
 254:Src/stm32g0xx_hal_msp.c ****     __HAL_RCC_USART4_CLK_DISABLE();
 255:Src/stm32g0xx_hal_msp.c **** 
 256:Src/stm32g0xx_hal_msp.c ****     /**USART4 GPIO Configuration
 257:Src/stm32g0xx_hal_msp.c ****     PA0     ------> USART4_TX
 258:Src/stm32g0xx_hal_msp.c ****     PA1     ------> USART4_RX
 259:Src/stm32g0xx_hal_msp.c ****     */
 260:Src/stm32g0xx_hal_msp.c ****     HAL_GPIO_DeInit(GPIOA, RS485_Tx_Pin|RS485_Rx_Pin);
 261:Src/stm32g0xx_hal_msp.c **** 
 262:Src/stm32g0xx_hal_msp.c ****     /* USART4 interrupt DeInit */
 263:Src/stm32g0xx_hal_msp.c ****     HAL_NVIC_DisableIRQ(USART3_4_IRQn);
 264:Src/stm32g0xx_hal_msp.c ****   /* USER CODE BEGIN USART4_MspDeInit 1 */
 265:Src/stm32g0xx_hal_msp.c **** 
 266:Src/stm32g0xx_hal_msp.c ****   /* USER CODE END USART4_MspDeInit 1 */
 267:Src/stm32g0xx_hal_msp.c ****   }
 268:Src/stm32g0xx_hal_msp.c **** 
 269:Src/stm32g0xx_hal_msp.c **** }
 498              		.loc 1 269 1 view .LVU129
 499              		@ sp needed
 500 0010 10BD     		pop	{r4, pc}
 501              	.LVL25:
 502              	.L26:
 234:Src/stm32g0xx_hal_msp.c **** 
 503              		.loc 1 234 5 is_stmt 1 view .LVU130
 504 0012 104A     		ldr	r2, .L28+8
 505 0014 D36B     		ldr	r3, [r2, #60]
 506 0016 1049     		ldr	r1, .L28+12
 507 0018 0B40     		ands	r3, r1
 508 001a D363     		str	r3, [r2, #60]
 240:Src/stm32g0xx_hal_msp.c **** 
 509              		.loc 1 240 5 view .LVU131
 510 001c A020     		movs	r0, #160
 511              	.LVL26:
 240:Src/stm32g0xx_hal_msp.c **** 
 512              		.loc 1 240 5 is_stmt 0 view .LVU132
 513 001e 0C21     		movs	r1, #12
 514 0020 C005     		lsls	r0, r0, #23
 515 0022 FFF7FEFF 		bl	HAL_GPIO_DeInit
 516              	.LVL27:
ARM GAS  C:\Users\thinhnnh\AppData\Local\Temp\ccNg2X6C.s 			page 16


 243:Src/stm32g0xx_hal_msp.c ****   /* USER CODE BEGIN USART2_MspDeInit 1 */
 517              		.loc 1 243 5 is_stmt 1 view .LVU133
 518 0026 1C20     		movs	r0, #28
 519 0028 FFF7FEFF 		bl	HAL_NVIC_DisableIRQ
 520              	.LVL28:
 521 002c F0E7     		b	.L23
 522              	.LVL29:
 523              	.L27:
 254:Src/stm32g0xx_hal_msp.c **** 
 524              		.loc 1 254 5 view .LVU134
 525 002e 094A     		ldr	r2, .L28+8
 526 0030 D36B     		ldr	r3, [r2, #60]
 527 0032 0A49     		ldr	r1, .L28+16
 528 0034 0B40     		ands	r3, r1
 529 0036 D363     		str	r3, [r2, #60]
 260:Src/stm32g0xx_hal_msp.c **** 
 530              		.loc 1 260 5 view .LVU135
 531 0038 A020     		movs	r0, #160
 532              	.LVL30:
 260:Src/stm32g0xx_hal_msp.c **** 
 533              		.loc 1 260 5 is_stmt 0 view .LVU136
 534 003a 0321     		movs	r1, #3
 535 003c C005     		lsls	r0, r0, #23
 536 003e FFF7FEFF 		bl	HAL_GPIO_DeInit
 537              	.LVL31:
 263:Src/stm32g0xx_hal_msp.c ****   /* USER CODE BEGIN USART4_MspDeInit 1 */
 538              		.loc 1 263 5 is_stmt 1 view .LVU137
 539 0042 1D20     		movs	r0, #29
 540 0044 FFF7FEFF 		bl	HAL_NVIC_DisableIRQ
 541              	.LVL32:
 542              		.loc 1 269 1 is_stmt 0 view .LVU138
 543 0048 E2E7     		b	.L23
 544              	.L29:
 545 004a C046     		.align	2
 546              	.L28:
 547 004c 00440040 		.word	1073759232
 548 0050 004C0040 		.word	1073761280
 549 0054 00100240 		.word	1073876992
 550 0058 FFFFFDFF 		.word	-131073
 551 005c FFFFF7FF 		.word	-524289
 552              		.cfi_endproc
 553              	.LFE314:
 555              		.text
 556              	.Letext0:
 557              		.file 2 "c:\\gcc_arm\\arm-none-eabi\\include\\machine\\_default_types.h"
 558              		.file 3 "c:\\gcc_arm\\arm-none-eabi\\include\\sys\\_stdint.h"
 559              		.file 4 "Drivers/CMSIS/Device/ST/STM32G0xx/Include/stm32g070xx.h"
 560              		.file 5 "Drivers/STM32G0xx_HAL_Driver/Inc/stm32g0xx_hal_def.h"
 561              		.file 6 "Drivers/STM32G0xx_HAL_Driver/Inc/stm32g0xx_hal_rcc_ex.h"
 562              		.file 7 "Drivers/STM32G0xx_HAL_Driver/Inc/stm32g0xx_hal_gpio.h"
 563              		.file 8 "Drivers/STM32G0xx_HAL_Driver/Inc/stm32g0xx_hal_dma.h"
 564              		.file 9 "Drivers/STM32G0xx_HAL_Driver/Inc/stm32g0xx_hal_tim.h"
 565              		.file 10 "Drivers/STM32G0xx_HAL_Driver/Inc/stm32g0xx_hal_uart.h"
 566              		.file 11 "Drivers/STM32G0xx_HAL_Driver/Inc/stm32g0xx_ll_dma.h"
 567              		.file 12 "Drivers/STM32G0xx_HAL_Driver/Inc/stm32g0xx_hal_cortex.h"
 568              		.file 13 "Inc/main.h"
 569              		.file 14 "Drivers/STM32G0xx_HAL_Driver/Inc/stm32g0xx_hal.h"
ARM GAS  C:\Users\thinhnnh\AppData\Local\Temp\ccNg2X6C.s 			page 17


 570              		.file 15 "<built-in>"
ARM GAS  C:\Users\thinhnnh\AppData\Local\Temp\ccNg2X6C.s 			page 18


DEFINED SYMBOLS
                            *ABS*:00000000 stm32g0xx_hal_msp.c
C:\Users\thinhnnh\AppData\Local\Temp\ccNg2X6C.s:18     .text.HAL_MspInit:00000000 $t
C:\Users\thinhnnh\AppData\Local\Temp\ccNg2X6C.s:24     .text.HAL_MspInit:00000000 HAL_MspInit
C:\Users\thinhnnh\AppData\Local\Temp\ccNg2X6C.s:104    .text.HAL_MspInit:00000054 $d
C:\Users\thinhnnh\AppData\Local\Temp\ccNg2X6C.s:109    .text.HAL_TIM_Base_MspInit:00000000 $t
C:\Users\thinhnnh\AppData\Local\Temp\ccNg2X6C.s:115    .text.HAL_TIM_Base_MspInit:00000000 HAL_TIM_Base_MspInit
C:\Users\thinhnnh\AppData\Local\Temp\ccNg2X6C.s:162    .text.HAL_TIM_Base_MspInit:00000024 $d
C:\Users\thinhnnh\AppData\Local\Temp\ccNg2X6C.s:168    .text.HAL_TIM_Base_MspDeInit:00000000 $t
C:\Users\thinhnnh\AppData\Local\Temp\ccNg2X6C.s:174    .text.HAL_TIM_Base_MspDeInit:00000000 HAL_TIM_Base_MspDeInit
C:\Users\thinhnnh\AppData\Local\Temp\ccNg2X6C.s:205    .text.HAL_TIM_Base_MspDeInit:00000018 $d
C:\Users\thinhnnh\AppData\Local\Temp\ccNg2X6C.s:211    .text.HAL_UART_MspInit:00000000 $t
C:\Users\thinhnnh\AppData\Local\Temp\ccNg2X6C.s:217    .text.HAL_UART_MspInit:00000000 HAL_UART_MspInit
C:\Users\thinhnnh\AppData\Local\Temp\ccNg2X6C.s:458    .text.HAL_UART_MspInit:000000f4 $d
C:\Users\thinhnnh\AppData\Local\Temp\ccNg2X6C.s:465    .text.HAL_UART_MspDeInit:00000000 $t
C:\Users\thinhnnh\AppData\Local\Temp\ccNg2X6C.s:471    .text.HAL_UART_MspDeInit:00000000 HAL_UART_MspDeInit
C:\Users\thinhnnh\AppData\Local\Temp\ccNg2X6C.s:547    .text.HAL_UART_MspDeInit:0000004c $d

UNDEFINED SYMBOLS
HAL_NVIC_SetPriority
HAL_NVIC_EnableIRQ
HAL_SYSCFG_StrobeDBattpinsConfig
memset
HAL_RCCEx_PeriphCLKConfig
HAL_GPIO_Init
Error_Handler
HAL_GPIO_DeInit
HAL_NVIC_DisableIRQ
